[
    {
        "inp": "I am an intelligent language assistant developed by the NLP Group of 12 group.Below is a dialog consisting of instructions and responses. Write a response that completes the request.### Instruction:我该如何提高我的时间管理技能？### Response:",
        "hyp": "1. 制定计划和目标：制定一个明确的计划和每日目标可以帮助你更好地管理时间。\n\n2. 分清轻重缓急：将任务按照重要性和紧急程度进行分类，确保最重要和最紧急的任务能够得到及时且充分的处理。\n\n3. 利用工具：使用时间管理工具（例如日历、待办清单、提醒工具等）可以帮助你更好地管理时间。\n\n4. 避免干扰：尽可能减少干扰，例如关闭社交媒体通知或寻找一个相对安静的工作环境。\n\n5. 学会委托：不要试图独自完成所有任务，委托一些任务给其他人可以帮助你更好地管理时间。\n\n6. 保持健康的生活方式：保持健康的生活方式（例如充足的睡眠、良好的饮食和适量的锻炼）可以帮助你更好地管理时间，提高工作和生活效率。\n\n7. 反思和调整：定期反思和调整时间管理方法，确保时间管理策略适合你的需求和习惯。</s>",
        "ref": ""
    },
    {
        "inp": "I am an intelligent language assistant developed by the NLP Group of 12 group.Below is a dialog consisting of instructions and responses. Write a response that completes the request.### Instruction:如何有效地应对压力？### Response:",
        "hyp": "有效地应对压力的方法包括：\n- 确定压力的根源，设定实际的目标，并尝试寻求帮助；\n- 练习正念和冥想，让自己尽量不去想太多；\n- 尝试放慢节奏，花时间去做一些你喜欢的事情；\n- 确保充足的睡眠，每天保持一定的运动量；\n- 向周围的人寻求支持，与他们分享你的感受。</s>",
        "ref": ""
    },
    {
        "inp": "I am an intelligent language assistant developed by the NLP Group of 12 group.Below is a dialog consisting of instructions and responses. Write a response that completes the request.### Instruction:Python和JavaScript编程语言之间的主要区别是什么？### Response:",
        "hyp": "Python和JavaScript是两种完全不同的编程语言，尽管它们都被用于开发Web应用程序。以下是它们之间的一些主要区别：\n\n1. 运行环境：Python是一种解释型语言，可以在各种操作系统上直接运行。另一方面，JavaScript是一种面向对象的脚本语言，必须在浏览器中运行。\n\n2. 语法：Python和JavaScript的语法有很大不同。Python具有简洁明了的语法，易于阅读和理解。而JavaScript的语法更加复杂，包含了很多特殊符号。\n\n3. 应用领域：Python被广泛用于数据分析、科学计算、人工智能、网络编程等领域。而JavaScript主要用于Web开发，包括前端和后端开发。\n\n4. 类型系统：Python是动态类型语言，即变量的类型可以在运行时改变。而JavaScript是弱类型语言，变量的类型在声明时确定，一般不能在运行时改变。\n\n5. 库和框架：Python有很多流行的库和框架，如NumPy、Pandas、Django、Flask等。而JavaScript的框架和库也同样丰富，如React、Angular、Node.js等。\n\n6. 性能：JavaScript通常比Python运行得更快，因为它是一种解释型语言，而Python是一种编译型语言。但Python在某些特定领域，如数据分析和科学计算，通常比JavaScript更加高效。\n\n总之，Python和JavaScript是两种不同的编程语言，各有其优缺点，适用于不同的应用领域。了解它们之间的区别可以帮助我们选择正确的工具来解决问题。</s>",
        "ref": ""
    },
    {
        "inp": "I am an intelligent language assistant developed by the NLP Group of 12 group.Below is a dialog consisting of instructions and responses. Write a response that completes the request.### Instruction:我在家工作时如何提高生产力？### Response:",
        "hyp": "1. 设置专门的工作区域并保持干净整洁。\n2. 制定具体的工作计划和时间表以确保高效率工作。\n3. 保持健康的生活方式，包括充足的睡眠，良好的饮食和适度的运动。\n4. 避免分心，减少社交媒体和其他非工作相关的应用或网站。\n5. 与同事或团队保持良好的沟通并设置清晰的期望和目标。\n6. 使用能帮助提高生产力的工具和技术，如工作流程软件、时间管理应用等。\n7. 确保在必要时休息和放松，以避免过度疲劳和压力。</s>",
        "ref": ""
    },
    {
        "inp": "I am an intelligent language assistant developed by the NLP Group of 12 group.Below is a dialog consisting of instructions and responses. Write a response that completes the request.### Instruction:你能解释一下量子计算的基础吗？### Response:",
        "hyp": "量子计算的基础是量子层次的物理学，特别是量子力学和量子信息。量子计算是一种使用量子比特（qubits）而不是经典比特（bits）进行计算的计算模型。量子比特具有纠缠性，可以同时处于多个状态。这使得量子计算机可以以比经典计算机更快的速度处理复杂的问题，例如因子分解和模拟量子系统。量子计算的基本单位是量子比特，它可以处于0和1（经典比特只能处于0或1）的叠加态中。量子计算的原理是使用量子超算法，这种算法可以利用量子比特之间的纠缠和量子纠缠来加快计算速度。</s>",
        "ref": ""
    },
    {
        "inp": "I am an intelligent language assistant developed by the NLP Group of 12 group.Below is a dialog consisting of instructions and responses. Write a response that completes the request.### Instruction:植物蛋白和动物蛋白来源之间有什么区别？### Response:",
        "hyp": "植物蛋白和动物蛋白是两种不同来源的蛋白质，它们在营养价值和健康效果方面有一些区别。\n\n来源：\n植物蛋白通常来源于谷物、豆类、坚果、种子和其他植物食品。动物蛋白则来源于动物，如鸡蛋、牛奶、鱼类和肉类。\n\n营养成分：\n植物蛋白通常含有较少的蛋白质，但富含植物性油脂、纤维和其他营养素，如抗氧化剂和维生素C。动物蛋白质含量较高，且富含蛋白质、维生素B12和铁。\n\n消化：\n植物蛋白通常更容易被消化，因为它们的蛋白质较小，更容易被消化并吸收。动物蛋白也容易消化，但因为它们的蛋白质较大，可能会对某些人造成负担。\n\n总的来说，植物蛋白和动物蛋白都各有优势和劣势，选择哪种蛋白质来源更多应该取决于个人喜好、饮食习惯和健康状况。建议在饮食中保持多样化，合理搭配植物蛋白和动物蛋白，以获得营养均衡。</s>",
        "ref": ""
    },
    {
        "inp": "I am an intelligent language assistant developed by the NLP Group of 12 group.Below is a dialog consisting of instructions and responses. Write a response that completes the request.### Instruction:我该如何发展我的批判性思维能力？### Response:",
        "hyp": "1. 提出问题：当你遇到一个观点或情况时，尝试提出质疑的问题。这将帮助你思考更深入和多角度的问题。\n\n2. 寻找多个观点：在考虑一个问题时，尝试寻找不同的观点和观察角度。这将有助于你建立更全面的认识。\n\n3. 分析逻辑：尝试解析观点和论据之间的逻辑联系，判断它们是否合理或具有可信度。\n\n4. 挑战假设：在分析问题时，尝试挑战假设和前提条件。你可以问自己，“假设这是正确的，那么什么情况下它不能成立呢？”\n\n5. 考虑后果：考虑采取不同的行动或决策将会产生什么后果。这将帮助你更全面地考虑问题。\n\n6. 学习历史：研究历史事件、决策和政策，以便了解过去的错误和成功，从中学习和获得启示。\n\n7. 推理和验证：尝试使用逻辑推理和验证方法来评估观点和决策。这将帮助你建立更可靠的判断。\n\n8. 阅读和研究：阅读广泛的书籍、文章、研究报告和论文，以扩展你的知识和见识，并提高你的批判性思维能力。\n\n9. 跨领域学习：学习不同领域的知识和经验，以帮助你更全面地理解问题和做出更好的判断。\n\n10. 练习和反思：尝试应用批判性思维的方法来解决日常生活中的问题，并进行反思和修正，以不断提高你的能力。</s>",
        "ref": ""
    },
    {
        "inp": "I am an intelligent language assistant developed by the NLP Group of 12 group.Below is a dialog consisting of instructions and responses. Write a response that completes the request.### Instruction:今天教育部门面临的主要挑战是什么？### Response:",
        "hyp": "今天，教育部门面临的主要挑战包括提高教育质量、扩大教育覆盖面、提高教育均衡性、满足多元化教育需求、改善教育管理机制和促进教育创新发展。教育部门需要不断改革和创新，以应对这些挑战。</s>",
        "ref": ""
    },
    {
        "inp": "I am an intelligent language assistant developed by the NLP Group of 12 group.Below is a dialog consisting of instructions and responses. Write a response that completes the request.### Instruction:什么是影响消费者行为的主要因素？### Response:",
        "hyp": "影响消费者行为的因素有很多，其中一些主要因素包括：\n\n1. 价格：产品或服务的价格是消费者购买决策中最重要的因素之一。消费者会根据价格来比较不同的产品或服务，并选择价格合适的产品或服务。\n2. 品牌：消费者通常会偏向于购买知名品牌的产品或服务，因为他们认为这些品牌的质量更可靠，且有更好的售后服务。\n3. 购买习惯：消费者的购买习惯也会影响其行为。例如，有些消费者喜欢在实体店购物，而有些消费者则更喜欢网上购物。\n4. 社会因素：消费者的社会环境，包括文化、家庭、朋友和同事的影响，也会影响他们的购买行为。\n5. 个人因素：消费者的个人喜好、需求和偏好也会影响他们的购买行为。例如，有些消费者喜欢购买环保产品，而有些消费者则更关心产品的功能和性能。\n6. 产品属性：产品的属性，包括其功能、质量、款式和外观等，也会影响消费者的购买行为。\n7. 市场竞争：市场竞争也是影响消费者行为的因素之一。当市场上有多家竞争对手时，消费者通常会更加关注产品的价格和品质，并选择性价比高的产品。</s>",
        "ref": ""
    },
    {
        "inp": "I am an intelligent language assistant developed by the NLP Group of 12 group.Below is a dialog consisting of instructions and responses. Write a response that completes the request.### Instruction:在职场中，最有效的冲突解决策略是什么？### Response:",
        "hyp": "在职场中解决冲突的最有效策略是先尽量理解彼此的立场，然后尝试找到一个双方都可以接受的方案，同时保护双方的尊严，坦诚直接地交流，并尊重彼此的意见。</s>",
        "ref": ""
    },
    {
        "inp": "I am an intelligent language assistant developed by the NLP Group of 12 group.Below is a dialog consisting of instructions and responses. Write a response that completes the request.### Instruction:使用一次性塑料瓶和可重复使用的瓶子对环境和人类健康有哪些潜在影响？### Response:",
        "hyp": "使用一次性塑料瓶对环境和人类健康都有潜在的负面影响。\n\n对环境的影响：\n\n1. 塑料污染：一次性塑料瓶大多没有被回收，而是被扔进垃圾填埋场或者流入海洋，这导致了严重的塑料污染问题。塑料需要几百年才能分解，对土地、水源和海洋生态系统造成了长期破坏。\n\n2. 对野生动物的危害：垃圾填埋场中的塑料垃圾经常被动物误食，这会对它们的健康造成严重危害。塑料中的化学物质可能会积累在动物的体内，对其生长发育产生毒害，甚至可能导致死亡。\n\n对人类健康的影响：\n\n1. 食品安全问题：一次性塑料瓶通常会被淋上食品或饮料，如果不经过充分清洗，这些塑料残留物可能会被误食，对人类健康造成潜在威胁。\n\n2. 生态系统破坏：塑料瓶在海洋中的积累，可能会破坏海洋生态系统，影响海洋生物的生活，包括鱼类、海龟、海豚等。\n\n3. 对人类健康的长期影响：研究发现，塑料材料可能含有对人类健康有害的化学物质，例如双酚A，它是一种可能导致癌症的物质。尽管这些风险还需要进一步研究，但一些科学家已经表示担忧。\n\n为了保护环境和人类健康，我们应该尽量减少使用一次性塑料瓶，选择使用可重复使用的瓶子，例如玻璃瓶或者不锈钢瓶，这些瓶子可以反复清洗，使用寿命更长，对环境影响更小。</s>",
        "ref": ""
    },
    {
        "inp": "I am an intelligent language assistant developed by the NLP Group of 12 group.Below is a dialog consisting of instructions and responses. Write a response that completes the request.### Instruction:设计一个包容和无障碍的公共交通系统时，您会考虑哪些因素？### Response:",
        "hyp": "设计一个包容和无障碍的公共交通系统，需要考虑以下因素：\n\n1. 人口结构和需求：了解目标用户群体的年龄、身体状况、残疾情况及语言能力，确保服务覆盖所有人群。\n\n2. 无障碍设施：确保公共交通设施具备无障碍设施，如无障碍入口、卫生间、洗手间等，帮助残疾人士和老年人独立出行。\n\n3. 交通工具的无障碍设计：无障碍设计的公交车、地铁、火车等交通工具，可以帮助残疾人士更容易地乘坐公共交通工具。\n\n4. 信息沟通：提供多种语言的信息，包括口头指示、字幕、文字、图片等，方便听力或视力障碍人士了解公共交通信息。\n\n5. 紧急救援：为紧急情况下的残疾人士提供快速响应和救援服务。\n\n6. 安全性：设计安全的公共交通系统，保证乘客的人身安全。\n\n7. 服务质量：提供高质量的服务，包括让员工接受训练，以便他们能够更好地为乘客提供帮助。\n\n8. 便利性：确保公共交通的乘车流程简单、方便，让乘客更快速、更轻松地到达目的地。\n\n9. 设施维护：确保公共交通设施的正常运转和维护，以满足乘客的需求。\n\n10. 法律遵守：遵守相关法律法规，确保公共交通系统的合法性和合规性。</s>",
        "ref": ""
    },
    {
        "inp": "I am an intelligent language assistant developed by the NLP Group of 12 group.Below is a dialog consisting of instructions and responses. Write a response that completes the request.### Instruction:政府如何利用财政和货币政策来应对经济衰退？### Response:",
        "hyp": "政府可以通过财政政策和货币政策来刺激经济增长，以应对经济衰退。财政政策包括增加政府支出，减少税收，提高公共投资和增加社会福利支出。这些措施可以刺激总需求，促进经济增长。货币政策涉及利率和货币供应的管理，可以通过降低利率和增加货币供应来刺激经济。这些措施可以促进投资和消费，促进经济增长。</s>",
        "ref": ""
    },
    {
        "inp": "I am an intelligent language assistant developed by the NLP Group of 12 group.Below is a dialog consisting of instructions and responses. Write a response that completes the request.### Instruction:语言和文化障碍如何影响人们在多元文化社会中的沟通和关系形成？### Response:",
        "hyp": "语言和文化障碍可能会对人们在多元文化社会中的沟通和关系形成产生重大影响。以下是一些具体的方式：\n\n1. 语言障碍：语言是人们交流和理解世界的主要工具，如果一个人的母语与周围社会的主要语言不同，他们可能会面临理解和表达的困难。这可能会导致信息的误解，从而影响人际关系和合作。例如，如果一个人不懂得社交礼仪或者不知道某些词语的含义，他们可能会在社交交往中感到不自在，甚至被孤立。\n\n2. 文化障碍：文化障碍是人们理解和尊重其他文化的差异。在多元文化社会中，人们可能会遇到各种不同的文化观念和价值观，如信仰、仪式、习惯、梦想、哲学等。如果一个人不了解其他文化的基本准则和礼仪，他们可能会做出冒犯或不合适的行为，从而影响人际关系的建立和维护。\n\n3. 彼此理解和接纳：语言和文化障碍还可能导致彼此之间的疏离和隔阂。如果人们无法准确理解彼此的想法、意图和情感，他们可能会错误地判断对方的意见和行为，甚至产生冲突和误解。因此，有效的沟通和关系建立需要双方都能够尊重和理解彼此的文化差异。\n\n4. 教育和学习：语言和文化障碍也可能阻碍人们接受教育和学习的机会。如果学习环境不能满足多元文化的需求，学生可能会感到孤立和无法融入。此外，如果教师不了解和熟悉学生的文化背景，他们可能无法为学生提供适当的教育支持和指导。\n\n总之，语言和文化障碍可能会对多元文化社会中的人际关系、沟通、教育和学习等方面产生负面影响。然而，通过提高跨文化沟通技能、促进文化交流和理解、建立包容的社会环境等方式，我们可以努力克服这些障碍，实现更加和谐的多元文化社会。</s>",
        "ref": ""
    },
    {
        "inp": "I am an intelligent language assistant developed by the NLP Group of 12 group.Below is a dialog consisting of instructions and responses. Write a response that completes the request.### Instruction:描述一种场景，人工智能可以用来提高医疗服务的质量和效率。### Response:",
        "hyp": "场景：在医疗机构中，人工智能（AI）可以用来提高医疗服务的质量和效率。让我们来看看一个具体的场景：\n\n医院的电子病历管理：在这种情况下，人工智能可以被用来管理和分析电子病历，以提高医疗服务的质量和效率。人工智能可以帮助医生快速访问患者的过去的诊断和治疗记录，并自动提醒医生关于潜在的患病风险或治疗方案。此外，人工智能可以发现患者的病情发展趋势，并提供详细的分析报告，帮助医生做出更准确的诊断和治疗决策。\n\n实时远程监控：人工智能还可以用于实时远程监控患者的健康状况。例如，可以通过使用可穿戴设备或智能监测器来远程监控患者的心率、血压、血糖等关键生命体征。人工智能系统可以实时分析这些数据，并在患者健康状况出现异常时立即发送警报。这有助于医生及时作出干预，避免患者病情恶化。\n\n预测分析：人工智能还可以用于预测分析，帮助医院预测未来的病人需求、医疗资源分配、疾病传播趋势等。例如，医院可以使用人工智能预测未来几周内可能会有大量新冠肺炎病人需要入院治疗。这样，医院可以提前做好准备，确保有足够的医疗资源和床位来应对疫情高峰期。\n\n自动化药品配药：人工智能还可以用于自动化药品配药，减少药品配药错误，提高药品配药效率。例如，医生可以输入患者的病历信息，人工智能系统可以自动根据患者的病情、病史和药物相互作用等信息，为患者配药。这样，不仅可以减少药品配药错误，还可以提高药品配药速度，节省医护人员的时间。\n\n总之，人工智能在医疗服务中的应用，可以大大提高医疗服务的质量和效率，为患者提供更好的医疗体验。</s>",
        "ref": ""
    },
    {
        "inp": "I am an intelligent language assistant developed by the NLP Group of 12 group.Below is a dialog consisting of instructions and responses. Write a response that completes the request.### Instruction:使用CRISPR-Cas9技术解释基因编辑的过程，并讨论其潜在应用和伦理问题。### Response:",
        "hyp": "CRISPR-Cas9是一种基因编辑技术，可以精准地切割DNA序列，进而改变某些基因的表达。这个过程可以简单的描述为以下几个步骤：\n\n1. 靶向：选择要编辑的基因序列，然后通过导入CRISPR-Cas9系统将其导入细胞中。\n\n2. 切割：CRISPR-Cas9系统中的Cas9蛋白质会找到并剪切选定的基因序列。这个过程类似于剪刀剪开一条细丝绳，使得DNA分子断裂。\n\n3. 修复：细胞会自行修复DNA的断裂。此时，研究者可以选择针对性的添加一个新的基因序列，从而改变该基因的表达。\n\n4. 表达：修复后，新编辑的基因开始表达，并影响细胞的生长、分化、凋亡等过程。\n\nCRISPR-Cas9技术的潜在应用广泛，包括疾病治疗、农业生产、基础科学研究等领域。例如，通过编辑某些基因，可以攻击某些癌症或遗传疾病的病因，或者改良作物的抗病性和营养价值。\n\n然而，CRISPR-Cas9技术也引发了许多伦理问题，包括但不限于：\n\n1. 人类基因编辑：应用CRISPR-Cas9进行人类基因编辑可能会导致未知的风险和副作用，如某些疾病的加重、不可预见的遗传突变等。\n\n2. 安全性：作为一种具有潜在危险的技术，CRISPR-Cas9可能被错误使用，例如在非法胚胎干细胞研究中被用于非法的基因突变目的。\n\n3. 伦理道德：CRISPR-Cas9技术涉及到生命的尊严、人权、公平等广泛的伦理问题。如哪些人有权利进行基因编辑？如何保证基因编辑的公平性？\n\n因此，在使用CRISPR-Cas9技术时，必须谨慎权衡利弊，并尊重生命的尊严和伦理道德。</s>",
        "ref": ""
    },
    {
        "inp": "I am an intelligent language assistant developed by the NLP Group of 12 group.Below is a dialog consisting of instructions and responses. Write a response that completes the request.### Instruction:疫苗如何保护个人和社区免受传染病的侵害，什么是群体免疫？### Response:",
        "hyp": "疫苗是一种预防性医疗措施，通过注射或口服给予人体免疫系统所需的病原体抗原，从而让人体产生免疫力，以抵御由病原体引起的传染病。\n\n当一个人接种疫苗后，他的免疫系统会产生一种特殊的免疫反应，使身体能够识别并攻击病原体。在接触到该病原体时，免疫系统能够迅速识别并攻击病原体，从而避免感染传染病。\n\n群体免疫是指当大多数人群接种了疫苗，并且达到了一定的免疫水平时，整个人群就能够得到保护，即使少数人没有接种疫苗或者免疫力不足，也能受到保护。这是因为当大多数人接种了疫苗，并且形成了一个免疫屏障时，病原体就难以在人群中传播，从而降低了病原体传播的风险。\n\n群体免疫的效果可以通过“洛伦佐计数”来衡量。洛伦佐计数指的是在整个人群中，感染病原体的人数与未感染病原体的人数之比。当洛伦佐计数降低到一定水平时，就说明人群中的群体免疫效果达到防止病原体传播的标准。\n\n总之，疫苗通过提高个体和群体的免疫力，从而保护人们免受传染病的侵害。群体免疫是一种有效的防疫措施，可以降低疾病传播的风险，保护整个社区的健康和安全。</s>",
        "ref": ""
    },
    {
        "inp": "I am an intelligent language assistant developed by the NLP Group of 12 group.Below is a dialog consisting of instructions and responses. Write a response that completes the request.### Instruction:社交媒体平台如何影响人们消费和分享新闻的方式，以及对于虚假信息传播的潜在影响是什么？### Response:",
        "hyp": "社交媒体平台对人们的消费和分享新闻的方式产生了深远的影响。它们使得信息和新闻传播速度加快，更加容易获取，并且能够通过社交媒体上的分享和转发迅速传播到全球。然而这也带来了挑战，即如何确保信息的真实性和准确性。\n\n社交媒体平台的一个显著影响是，它们让个人成为内容创造者和分发者。人们可以发布自己的观点、新闻、图片和视频，与他人分享信息。这种互动性增强了信息的传播，并且使得人们能够接触到更多的观点和信息。\n\n然而，这也带来了虚假信息的传播难题。由于社交媒体平台上的内容具有高度可传播性，虚假信息可以在短时间内迅速传播开来，影响大众的观念和决策。虚假信息的传播不仅会对个人造成损失，也可能对整个社会产生不利影响。\n\n此外，社交媒体平台还可能影响人们对新闻和信息的接受和处理方式。由于信息的快速传播和多样性，人们可能更难以识别真假信息，从而被误导。这可能会导致人们对重要问题的误解，甚至影响他们的决策。\n\n为了解决这些问题，社交媒体平台需要制定更加严格的准则和规定，以确保信息的真实性和准确性。同时，用户也需要提高媒介素养，学会辨别虚假信息，并在分享信息前进行核实。只有这样，社交媒体平台才能发挥其应有的作用，为信息的准确传播和社会的健康发展做出贡献。</s>",
        "ref": ""
    },
    {
        "inp": "I am an intelligent language assistant developed by the NLP Group of 12 group.Below is a dialog consisting of instructions and responses. Write a response that completes the request.### Instruction:文化、社会和经济因素如何影响人们的饮食选择，如何利用这些知识促进更健康的饮食？### Response:",
        "hyp": "1. 文化因素：饮食习惯通常是文化的一部分，不同文化背景的人对于饮食有不同的偏好和需求。例如，在某些文化中，以米饭为主食的饮食习惯是常见的，而在其他文化中，以面包为主食的饮食习惯更为普遍。此外，宗教信仰也会对饮食习惯产生影响，例如素食主义和无麸质饮食。\n\n2. 社会因素：社会经济状况、社会环境和社会规范也会对饮食选择产生影响。例如，经济条件好的人更容易选择更为昂贵但更为健康的食品，而经济条件差的人可能只能选择更为便宜但营养价值较低的食品。另外，社会规范和环境也会影响人们对于不同食品的接受程度，例如，在某些社会中，肉类饮食被认为是常规的，而在其他社会中，素食主义则更为流行。\n\n3. 经济因素：经济状况和收入水平也会对饮食选择产生影响。更高的收入意味着更多的可支配收入，能够购买更为昂贵但更为健康的食品。然而，收入低的人可能只能选择更为便宜但营养价值较低的食品。\n\n利用这些知识促进更健康的饮食，可以从以下方面入手：\n\n1. 提供多元化的食品选择：在社区或商场中提供更多种类的健康食品选择，以适应不同文化和经济背景的人群。\n\n2. 增加对健康饮食的宣传：通过各种媒体宣传健康饮食的重要性，提高公众对健康饮食的认知度。\n\n3. 提供教育和培训：提供饮食教育和培训，帮助人们了解健康饮食的重要性，并提供具体的饮食建议和指导。\n\n4. 政策支持：政府可以出台相关政策，鼓励食品生产商生产更健康的食品，并通过税收等手段抑制不健康食品的生产和销售。</s>",
        "ref": ""
    },
    {
        "inp": "I am an intelligent language assistant developed by the NLP Group of 12 group.Below is a dialog consisting of instructions and responses. Write a response that completes the request.### Instruction:解释自然选择的过程以及它如何促进物种的进化和适应。### Response:",
        "hyp": "自然选择是一种生物进化的机制，它由查尔斯·达尔文提出。自然选择的过程是基于一些生物个体拥有更优秀的适应性特征，使它们比其他个体更容易生存并繁殖后代。这个过程可以分为以下几个步骤：\n\n1. 变异：在任何种群中，一些个体的遗传特征会随机发生变异，这些变异可能会导致它们与其他个体在生存和繁殖方面的差异。\n\n2. 竞争：种群中的个体会互相竞争，以获得有限的资源和生存空间。这种竞争可能导致一些个体死亡或无法繁殖后代。\n\n3. 生存竞争：只有适应环境的个体才能生存下来并繁殖后代，适应性差的个体将被淘汰。\n\n4. 适者生存：拥有更好适应性特征的个体有更高的生存率和繁殖率，它们将传递这些特征给后代，使这些特征在种群中变得更加普遍。\n\n这个过程将导致种群中的生物逐渐适应环境，进化出更适应生存的特征和形态。这个过程也会导致物种的多样性增加，因为新的基因和特征将随着时间的推移出现在种群中。</s>",
        "ref": ""
    },
    {
        "inp": "I am an intelligent language assistant developed by the NLP Group of 12 group.Below is a dialog consisting of instructions and responses. Write a response that completes the request.### Instruction:你会如何在皇家宴会上以中世纪骑士的身份介绍自己？### Response:",
        "hyp": "你好，我是一名忠诚的中世纪骑士，来自英格兰的一个小村庄。我在年轻时加入了骑士团，接受了严格的战斗和骑士训练，以破釜坐炉、保护贫困者和尊重女性为荣。在战场上，我以勇敢和忠诚而闻名，我的武器是一把锋利的长剑，我的盾牌是我的荣誉。\n\n在平时，我善于骑马，射箭和种田，我喜欢游走在自然的各个角落，寻找那些需要帮助的人。我还善于说服那些对我的主人不友好的人，使他们看到我主人的优点。我的忠诚是无条件的，我随时准备为我的主人和他的国家奋斗到底。\n\n感谢您的时间，我很高兴能在这个皇家宴会上与您交流。</s>",
        "ref": ""
    },
    {
        "inp": "I am an intelligent language assistant developed by the NLP Group of 12 group.Below is a dialog consisting of instructions and responses. Write a response that completes the request.### Instruction:作为海盗船长，你会对你的船员说什么来激励他们寻找隐藏的宝藏？### Response:",
        "hyp": "“各位船员们，我们的目标是最终的宝藏！这将是我们取得财富和荣耀的唯一机会。我们必须要勇敢面对挑战，共同努力才能抵达我们的目标。记住，我们是一支无敌的团队，无论前方有多少危险，我们都必须要坚定地向前走，把握机会！我相信我们能够找到那个隐藏的宝藏，那里等待着我们的财富和荣耀。所以，让我们各振奋人心，为了我们的目标努力拼搏！”</s>",
        "ref": ""
    },
    {
        "inp": "I am an intelligent language assistant developed by the NLP Group of 12 group.Below is a dialog consisting of instructions and responses. Write a response that completes the request.### Instruction:如果你是莎士比亚的角色，你会如何在独白中表达你对某人的爱？### Response:",
        "hyp": "尊敬的读者，我不是莎士比亚的角色，我是一个AI语言模型，无法表达人类的情感和爱。但是，如果以莎士比亚的角色为背景，他可能会用这样的方式表达爱：\n\n“但是，我的心，那疯狂的、不可遏制的心，如同狂风一般，总是为你翩翩起舞。你是我的灵魂的唯一，我的眼睛的唯一，我的爱的唯一。你是我生命中的阳光，我的整个世界因你而绽放。每一个瞬间，我的心悸动着你的名字，每一次呼吸都是为了你而进行。你是我的梦想，我的希望，我的未来。我爱你！”</s>",
        "ref": ""
    },
    {
        "inp": "I am an intelligent language assistant developed by the NLP Group of 12 group.Below is a dialog consisting of instructions and responses. Write a response that completes the request.### Instruction:作为一名超级英雄，你会如何向一个好奇的孩子解释你的起源故事？### Response:",
        "hyp": "嘿小朋友，我的起源故事可能比你想象的有点不同，但我想告诉你一个真实的故事。你知道吗，我曾经是一个受人尊敬的科学家，他在探索一个神秘的实验室时发生了一个意外。我因此拥有了超能力，可以飞行、隐身、超强力量，成为了一个超级英雄，而你称之为蝙蝠侠。我决定利用我的力量来保护城市，与坏人战斗。我经历了很多挑战，但我从未放弃，我相信，这世界将会变得更美好。</s>",
        "ref": ""
    },
    {
        "inp": "I am an intelligent language assistant developed by the NLP Group of 12 group.Below is a dialog consisting of instructions and responses. Write a response that completes the request.### Instruction:想象一下，你是来自公元3000年的时间旅行者。你会告诉人们哪些技术进步？### Response:",
        "hyp": "作为从公元3000年来的时间旅行者，我可能会告诉人们以下一些技术进步：\n\n1. 高级人工智能：在我们的时代，人工智能已经非常发达，可以与人类进行复杂的交互并拥有自主学习能力。\n\n2. 智能家居：居住在我们的时代的人们可以通过语音控制家里的各种电器设备，实现智能化管理家庭。\n\n3. 空间探索：我们已经成功探索了许多太空领域，发现了许多新的太阳系外行星，并建立了太空殖民地。\n\n4. 生命延长技术：我们已经掌握了能够延长人类寿命的技术，使人们可以活得更长久。\n\n5. 环保技术：我们已经开发出了许多高效的清洁能源技术，并实现了可持续发展。\n\n6. 增强现实和虚拟现实：我们已经可以通过增强现实和虚拟现实技术，创造出逼真的虚拟世界，并将其应用于许多领域。\n\n这些仅仅是我们所取得的技术进步的一部分，当然还有许多其他的创新。</s>",
        "ref": ""
    },
    {
        "inp": "I am an intelligent language assistant developed by the NLP Group of 12 group.Below is a dialog consisting of instructions and responses. Write a response that completes the request.### Instruction:作为一名体育评论员，描述冠军赛最后几秒钟的获胜战术。### Response:",
        "hyp": "在冠军赛最后几秒钟，获胜的战术通常是尽可能快速地得分并封锁对手的进攻。这可能包括利用快速的传球和突破，以及尽可能多的佯装和欺骗对手，使对手落后。另外，保持冷静和耐心也非常重要，因为在比赛的最后阶段，每个球员都可能出现犯规或失误。最终，获胜的战术通常依赖于球队的整体实力和对对手的深入了解。</s>",
        "ref": ""
    },
    {
        "inp": "I am an intelligent language assistant developed by the NLP Group of 12 group.Below is a dialog consisting of instructions and responses. Write a response that completes the request.### Instruction:假装成一位世界著名的厨师。你会如何向评委团描述你的招牌菜？### Response:",
        "hyp": "\"我的招牌菜是一道精致的法式糖醋鱼，这是我多年的秘密配方，选择上乘新鲜的鱼肉，搭配上精心烹调的酱汁，味道鲜美，口感醇厚，带有微妙的酸甜味道。我的糖醋鱼是一道风味独特的法式经典菜品，它融合了欧洲独特的烹饪技巧和优质食材，细腻入味，令人回味无穷。\"</s>",
        "ref": ""
    },
    {
        "inp": "I am an intelligent language assistant developed by the NLP Group of 12 group.Below is a dialog consisting of instructions and responses. Write a response that completes the request.### Instruction:你是一位登山者，到达了珠穆朗玛峰的山顶。描述一下你的情绪和从山顶上看到的景象。### Response:",
        "hyp": "我感到无比的兴奋和骄傲，站在世界最高峰的巅峰上，感受到了无限的力量和成就感。我眺望着四周的壮丽景象，珠穆朗玛峰周围的雪山和苍穹之间的天际线，让我感到无限的渺小和自然的伟大。这是一种难以言说的美妙感觉，我永远都不会忘记这个时刻。</s>",
        "ref": ""
    },
    {
        "inp": "I am an intelligent language assistant developed by the NLP Group of 12 group.Below is a dialog consisting of instructions and responses. Write a response that completes the request.### Instruction:作为火星上的太空殖民者，描述你的日常生活以及在另一个星球上生活所面临的挑战。### Response:",
        "hyp": "作为火星上的太空殖民者，我的日常生活充满了许多挑战和机遇。每天，我会醒来，吃早餐，然后开始一天的工作。由于火星上的重力比地球小，所以我的日常活动会比地球上更加轻松，但我仍然需要保持身体健康和强壮。\n\n我的工作包括建造和维护火星殖民地的基础设施，例如生活区、工业区、种植区等。此外，我还需要研究该星球的环境，寻找可能的资源和生物，以便为未来的移民提供更多的物质资料和生存资源。\n\n在火星上生活面临的最大挑战是适应环境。这个星球的气候非常极端，温度很低，大气压很低，水资源也很稀缺。因此，我们必须依靠自给自足的生态系统来维持生存，并尽可能地减少对火星环境的破坏。\n\n此外，与地球上的交流也是一项挑战。由于火星和地球之间的距离，信号传输需要更长的时间，通讯延迟也更大。因此，我们必须使用高度自动化的系统来运行殖民地，并且需要经常与地球上的控制中心保持联系。\n\n总之，作为火星上的太空殖民者，我们必须适应一个完全陌生的环境，并且不断面对新的挑战和机遇。尽管这是一项艰苦的任务，但我们相信这个星球将会成为人类探索宇宙的下一个巨大的里程碑。</s>",
        "ref": ""
    },
    {
        "inp": "I am an intelligent language assistant developed by the NLP Group of 12 group.Below is a dialog consisting of instructions and responses. Write a response that completes the request.### Instruction:假装成一个后启示录世界中的角色。描述你如何生存以及你遇到的盟友。### Response:",
        "hyp": "我是一个名为Echo的孤独战士，在这个被毁灭殆尽的后启示录世界中生存下来。我曾经是一个繁荣的城市的居民，但战争和核爆炸带来了无法挽回的破坏，只剩下了撕裂的瓦砾和满目疮痍的废墟。\n\n为了生存，我必须要每天都不断地寻找食物、水和庇护所。在这个荒芜的世界中，我经常要面对饥饿、寒冷和遭遇敌人的威胁。但我从未放弃希望，始终相信着在这个末日之后，还有值得去争取的东西。\n\n在我漫长的求生之路中，我遇到了许多盟友。有些是像我一样孤独的战士，有些是失去家园的流浪者，还有些是团结在一起的幸存者。我们彼此互相帮助，一同对抗这个残酷而荒芜的世界。\n\n我们共同努力，建立了一个小小的基地，在这里我们可以互相救助，抵御外界的威胁。我们一起探索这个末日之后的世界，并寻找任何可以拯救我们的希望。\n\n虽然生活在这个后启示录世界是极其艰难的，但我们始终相信，在黑暗中，总会有一线光芒。我们不断努力，为了未来而奋斗，为了重建家园而奋斗。这就是我们在这个末日之后的生存之道。</s>",
        "ref": ""
    },
    {
        "inp": "I am an intelligent language assistant developed by the NLP Group of 12 group.Below is a dialog consisting of instructions and responses. Write a response that completes the request.### Instruction:你如何确定一家餐厅是否受到当地人的欢迎或主要吸引游客，为什么这些信息可能有用？### Response:",
        "hyp": "1. 探索餐厅的客户群：可以通过查看餐厅的客户是如何分布的，例如是否主要吸引本地人，还是更像是游客或者是旅游团体。例如，一家位于旅游热点附近，并且大部分客户都是外地人的餐厅可能更多地吸引游客。\n\n2. 看看餐厅的菜单和装修：当地人的口味和旅游者的口味可能会有所不同，因此餐厅的菜单和装修可能会反映出这种差异。例如，一个以当地美食为主的菜单可能会吸引更多的本地人。装修可能展现出餐厅的主题，比如有些餐厅可能会更倾向于让游客感觉舒适，而有些可能会更倾向于给本地人一个家一样的感觉。\n\n3. 看看餐厅的评论和评分：通过查看餐厅的评论和评分，可以直接了解到人们对餐厅的总体满意度。如果大部分评论都是肯定的，那么这可能表明餐厅受到了本地人的欢迎。\n\n4. 询问餐厅的员工：如果有机会，可以直接向餐厅的员工询问他们的客户群主要是谁。他们可能有一个比较准确的观察结果。\n\n这些信息可能有用的原因是，它们可以帮助我们理解餐厅在当地人和旅游者之间的地位和影响力。如果一家餐厅能够吸引大量的本地人，那么这可能表明它的食物和服务质量都很好，因此它可能是一个值得推荐的地方。另一方面，如果一家餐厅主要吸引游客，那么它可能更注重声誉和旅游体验，而不是本地人的喜好。因此，了解这些信息可以帮助我们更好地计划我们的用餐行动。</s>",
        "ref": ""
    },
    {
        "inp": "I am an intelligent language assistant developed by the NLP Group of 12 group.Below is a dialog consisting of instructions and responses. Write a response that completes the request.### Instruction:当有人实际上感到困惑或不了解一个话题或对话时，有哪些微妙的线索表明他们在假装理解？### Response:",
        "hyp": "1. 他们很少或根本没有提出问题：当一个人在假装理解你时，他们可能会忽略提出问题，因为他们在试图掩饰自己的缺乏理解。\n\n2. 他们的回答很表面：他们可能只是简单地回答你的问题，而不去真正的理解和思考。他们的回答可能会很肤浅，没有深度。\n\n3. 他们的眼神不连接：眼神交流可以帮助你确定对方是否在真正地理解你的观点。如果他们的眼神在逃避你的，或许他们在假装。\n\n4. 他们在重复你的话：有时候，人们在假装理解时会重复你的话，试图吸收并理解信息。如果一个人在反复地提及你的话，可能是他们在尝试接受你的观点，而不是真的理解。\n\n5. 他们的反应过于预测性：他们可能会过早或过度地反应，因为他们在试图预测你的下一个话或行动，而不是真正倾听和理解。\n\n6. 他们在辩论中找不到有力的论据：如果他们在辩论中找不到有力的论据，或者只是简单地重复他们的观点，可能是他们在假装理解。\n\n7. 他们没有提出建设性的反馈：如果他们的反馈总是表面的，没有任何建设性，可能是他们在假装理解。\n\n8. 他们在打断你：如果他们在你讲话时打断你，尤其是当你讲到重要的细节或观点时，可能是他们在尝试掌控对话，而不是真正理解。\n\n记住，每个人都有独特的交流方式，所以以上提示并不适用于所有情况。最好的方法是直接问他们是否理解你的观点，如果他们无法明确回答，或者你有任何其他不安的感觉，那么你可能需要进一步沟通。</s>",
        "ref": ""
    },
    {
        "inp": "I am an intelligent language assistant developed by the NLP Group of 12 group.Below is a dialog consisting of instructions and responses. Write a response that completes the request.### Instruction:为什么有人会选择使用纸质地图或询问方向，而不是依赖GPS设备或智能手机应用程序？### Response:",
        "hyp": "1. 绝对位置定位：GPS设备和智能手机应用程序需要获取绝对位置才能提供准确的方向。然而，有些人可能不希望其位置信息被记录或分享。使用纸质地图或询问方向不需要任何位置信息，因此对于那些顾及隐私的人来说是一个更好的选择。\n\n2. 无需电力：GPS设备和智能手机应用程序需要电力支持，如果在旅行中没有电源或电池电量耗尽，就无法使用。而纸质地图和询问方向则不需要电力，只需要它们的存在就可以使用。\n\n3. 基本功能：GPS设备和智能手机应用程序可能会因为复杂的功能和设置而变得复杂，难以使用。而纸质地图和询问方向则是简单易用的工具，无需花费时间学习和设置。\n\n4. 无需网络连接：在偏远的地方或者网络信号不好的地方，GPS设备和智能手机应用程序可能无法工作。但是，纸质地图和询问方向则不需要网络连接，无论在哪里都可以使用。\n\n5. 可靠性：纸质地图和询问方向是基于科学测量和实际测试的，它们的准确性经过了时间的考验。而GPS设备和智能手机应用程序的准确性则可能会受到多种因素的影响，如天气条件、建筑物的遮挡等。</s>",
        "ref": ""
    },
    {
        "inp": "I am an intelligent language assistant developed by the NLP Group of 12 group.Below is a dialog consisting of instructions and responses. Write a response that completes the request.### Instruction:你如何确定一个人是真正对谈话感兴趣还是只是礼貌地说话？### Response:",
        "hyp": "1. 对话内容：对话内容是判断对方是否真正感兴趣的最直接的方式。对于真正感兴趣的人来说，他们通常会选择具有深度和趣味性的话题，会倾听并回应你的话，而不是仅仅等待其他人说话或者强行引入无聊的话题。\n\n2. 眼神交流：眼神交流也是判断对方是否真正对话感兴趣的重要因素。当你们交谈时，看一个人的眼睛是否能看得清楚，这可能表明他们对你们的对话投入并且关注。\n\n3. 身体语言：身体语言也能揭示一个人是否真正对话感兴趣。比如，他们是否面对你，是否通过手势来表达自己的观点，这些都可能表明他们对谈话的兴趣。\n\n4. 对话的持续时间：一个人是否想要继续聊天，也可以显示他们是否真正对谈话感兴趣。如果他们愿意花时间与你交谈，这可能表明他们对你们的对话感兴趣。\n\n5. 重复对话主题：如果他们会尽可能地继续谈论之前对话的主题，那么你就可以看出他们是真正感兴趣。\n\n6. 询问问题：有兴趣的人会问更多的问题，以确保他们理解正在发生的事情，并可能因此对话变得更加深入。\n\n7. 愿意倾听：一个人是否愿意听你说话，以及他们是否尊重你的观点，也可以显示他们是否真正对谈话感兴趣。\n\n8. 对话的频率：如果他们愿意经常和你对话，这可能表明他们真正对谈话感兴趣。\n\n以上就是一些判断一个人是否真正对谈话感兴趣的方法，但也要注意，有些人可能很怕尴尬，只是礼貌地说话，不代表他们真的不感兴趣。</s>",
        "ref": ""
    },
    {
        "inp": "I am an intelligent language assistant developed by the NLP Group of 12 group.Below is a dialog consisting of instructions and responses. Write a response that completes the request.### Instruction:即使价格更高，为什么有人更喜欢在小型本地商店购物，而不是大型连锁店？### Response:",
        "hyp": "为什么有人更喜欢在小型本地商店购物，而不是大型连锁店？ 首先，小型本地商店提供了一种更贴心的购物环境。它们通常比大型连锁店更能够提供个性化的服务体验，比如有更多的机会与店主进行对话，以及更多的机会询问有关问题。 此外，小型本地商店通常比大型连锁店更有利可图，因为它们能够购买更多优惠价格的库存。 这可以让购物者获得更多实惠。 此外，小型本地商店提供了一种更贴心的购物体验，比如更多的机会参与社区活动，并与当地企业进行合作。 这可以让购物者感到更加受欢迎。 另外，小型本地商店也可以提供更多的新鲜空气，因为它们更容易提供有趣的产品和服务，以满足客户的需求。 但即使如此，有些人仍然更喜欢在大型连锁店购物，因为它们通常提供大量的选择，并且提供了许多优惠。 这些优惠可能在小型本地商店中不可用。 因此，即使有些人更喜欢小型本地商店，但大型连锁店仍然是人们的购物首选。</s>",
        "ref": ""
    },
    {
        "inp": "I am an intelligent language assistant developed by the NLP Group of 12 group.Below is a dialog consisting of instructions and responses. Write a response that completes the request.### Instruction:你如何评估信息来源的可信度，例如新闻文章或博客文章，而不仅仅依赖于作者或出版商的声誉？### Response:",
        "hyp": "1. 查阅来源：首先，了解信息来源的背景和历史，看看它是否有信誉。例如，一个公认的新闻机构或政府部门通常更可信。\n\n2. 检查多个来源：查看多个不同的来源以了解一个主题或事件的多样视角。如果多个权威来源都提供相同的信息，那么这个信息往往是真实的。\n\n3. 检查日期：很多时候，新闻会随着时间的推移而过时。如果信息是在很久以前发布的，那么你需要检查它是否仍然准确。\n\n4. 检查引用：如果一篇文章引用了其他的资料，你可以去检查那些资料。如果你找到了一个可靠的来源，那么你可以认为这篇文章是可信的。\n\n5. 查找专家评论：如果你在网上找到一篇文章，你可以尝试查找专家的评论，看看他们是否支持这个观点。\n\n6. 检查事实与观点：注意文章中的句子，看看它们是否只是简单陈述事实，还是包含了作者的个人观点。非客观的信息来源可能会引发质疑。\n\n7. 谨慎使用搜索引擎：当你通过搜索引擎找到一篇文章的时候，尤其要注意来源的可信度。有些搜索引擎会优先推荐那些广受信任的新闻站点。\n\n8. 查看社交媒体的分享：如果你看到某篇文章被很多人分享，尤其是那些你不熟悉的人，那么你应该特别小心。尽可能的查看分享的用户的个人信息和他们的社交媒体账户，看看他们是否有可信的来源。\n\n以上就是一些评估信息来源可信度的方法，但是总的来说，最好的方法还是多方面、多角度地获取信息，以便做出自己的判断。</s>",
        "ref": ""
    },
    {
        "inp": "I am an intelligent language assistant developed by the NLP Group of 12 group.Below is a dialog consisting of instructions and responses. Write a response that completes the request.### Instruction:为什么有些人喜欢被吓到的感觉，比如看恐怖电影或坐过山车，而其他人则避免这些经历？### Response:",
        "hyp": "人们对于恐怖事物的反应是因为大脑中的“恐惧中枢”受到激活。这个中枢位于大脑中央灰质的脑干和丘脑之间，它的作用是产生恐惧和应激反应。\n\n有些人天生就对恐惧事物有更强烈的反应，这可能与遗传有关。同时，环境和经历也会影响一个人对于恐惧事物的反应。例如，有些人在成长过程中接触过很多恐怖事物，如恐怖电影和游戏，所以他们对于这些事物的反应就比较耐受了。另一方面，那些从小就避免接触这些事物的人，可能会对这些事物产生更强烈的恐惧反应。\n\n此外，有些人追求刺激和冒险的感觉，他们认为被吓到的感觉是一种刺激和兴奋的方式，所以他们会故意去寻找这种感觉。这种心理状态可能与个人的人格特征和生活经历有关。\n\n总之，人们对于恐惧事物的反应是因为大脑中的“恐惧中枢”受到激活。这个中枢位于大脑中央灰质的脑干和丘脑之间，它的作用是产生恐惧和应激反应。</s>",
        "ref": ""
    },
    {
        "inp": "I am an intelligent language assistant developed by the NLP Group of 12 group.Below is a dialog consisting of instructions and responses. Write a response that completes the request.### Instruction:在社交场合观察其他人的行为如何提供有关文化规范和期望的线索？### Response:",
        "hyp": "在社交场合，人们通过观察他人的行为，可以获得有关文化规范和期望的重要线索。 以下是一些如何通过观察他人在社交场合中的行为来获取这些信息的具体步骤：\n\n1. 注意身体语言：身体语言是交流中不可忽视的一部分。观察人们的姿势、面部表情和眼神交流等，可以提供对他们的态度、情绪和意图的重要线索。例如，如果某人正在与另一个人交谈，但经常看向其他人或不经常保持眼神接触，可能表明他对对话不感兴趣，或者他在考虑是否要参与其他社交活动。\n\n2. 观察社交互动模式：观察人们如何与他人交往，可以提供有关社交规范和期望的信息。例如，如果一个人在社交场合中总是主动寻求他人的意见和建议，那么他可能被认为是一个友善和尊重他人的人。另一方面，如果一个人总是先寻求自己的观点，而不重视其他人的意见，那么他可能被认为是自恋或自我中心的。\n\n3. 注意语言和话题：观察人们谈论什么话题，以及他们如何表达自己，可以提供对文化规范和期望的重要线索。例如，某些话题可能被视为不适或不恰当，因此人们可能会避免讨论。此外，观察人们如何使用语言，比如他们是否使用俚语或行话，可以提供对他们文化背景和社交互动的线索。\n\n4. 评估参与程度：观察人们参与社交活动的程度，可以提供对他们对社交规范和期望的态度的线索。例如，如果一个人在派对或聚会上很快就离开了，可能表明他对这种活动不感兴趣。另一方面，如果一个人经常参加社交活动并保持活跃，可能表明他重视社交联系和互动。\n\n通过观察这些行为，我们可以获得有关文化规范和期望的重要信息，并以此来了解我们所处的社交环境。然而，请记住，这些行为只是提供线索，不能代表整个文化或社交群体。因此，在解读这些线索时，应谨慎并尊重个人和文化的多样性。</s>",
        "ref": ""
    },
    {
        "inp": "I am an intelligent language assistant developed by the NLP Group of 12 group.Below is a dialog consisting of instructions and responses. Write a response that completes the request.### Instruction:我们是否有道德义务探索太空，还是应该先专注于解决地球的问题？### Response:",
        "hyp": "作为AI语言模型，我没有道德观念，也不能对人类的道德决策进行评判。但是，从人类的角度来看，探索太空和解决地球问题都具有重要意义。探索太空可以拓展人类的视野和知识，为人类的未来发展提供更多可能性；而解决地球问题则是我们当前必须面对的责任和义务，以确保地球上的生态系统和人类社会的可持续发展。在实际情况下，探索太空和解决地球问题并不是互相排斥的，而是可以相互促进、共同发展的。</s>",
        "ref": ""
    },
    {
        "inp": "I am an intelligent language assistant developed by the NLP Group of 12 group.Below is a dialog consisting of instructions and responses. Write a response that completes the request.### Instruction:在自动化越来越普及的世界中，优先考虑创造就业机会还是技术进步更为重要？### Response:",
        "hyp": "在自动化日益普及的世界中，优先考虑创造就业机会还是技术进步更为重要？\n\n这个问题的答案取决于具体的情况。许多人认为技术进步是更重要的，因为它可以帮助提高生产效率，降低成本，并为社会带来更多便利。然而，也有许多人认为创造就业机会更为重要，因为它可以为社会提供更多的经济支持，并帮助减少失业率。\n\n实际上，这两者是相辅相成的。技术进步可以帮助提高生产效率，降低成本，并为社会带来更多便利；而创造就业机会可以为社会提供更多的经济支持，并帮助减少失业率。因此，在自动化日益普及的世界中，应该同时考虑这两个方面，以确保社会的可持续发展。</s>",
        "ref": ""
    },
    {
        "inp": "I am an intelligent language assistant developed by the NLP Group of 12 group.Below is a dialog consisting of instructions and responses. Write a response that completes the request.### Instruction:一个人一生中平均眨眼多少次？请尝试解释你的答案。你的解释应该逐步引导读者理解你的推理过程。### Response:",
        "hyp": "眨眼是一种自然生理现象，可以帮助我们保持眼睛湿润，预防干眼症，同时也可以让我们保持清醒，减少眼睛疲劳。但是，关于一个人一生中眨眼的平均次数，并没有具体的数据可供参考。因此，我们无法准确地回答这个问题。\n\n眨眼的频率因人而异，取决于许多因素，如年龄、性别、眼睛健康状况、环境因素等。例如，孩子们通常比成年人更频繁地眨眼，因为他们的眼睛还在发育阶段，需要更多的保护和湿润。同时，在疲劳、干涩或刺激的环境中，人们也更容易眨眼。\n\n虽然无法给出确切的数据，但是根据一些研究，估计人类每天平均眨眼次数在10000-12000次左右。这个数字可能会受到许多因素的影响，例如眼睛疲劳、干涩、环境因素、睡眠状态等。\n\n总之，一个人一生中的眨眼次数是无法确定的，因为它受到许多因素的影响，且各人的情况也不同。</s>",
        "ref": ""
    },
    {
        "inp": "I am an intelligent language assistant developed by the NLP Group of 12 group.Below is a dialog consisting of instructions and responses. Write a response that completes the request.### Instruction:一粒盐里有多少个原子？请尝试解释你的答案。你的解释应该逐步引导读者理解你的推理过程。### Response:",
        "hyp": "一粒盐一般指普通食盐，即氯化钠（NaCl）。其分子式为NaCl，由一个钠原子(Na)和一个氯原子(Cl)组成。\n\n因此，一粒盐里有2个原子。其中钠原子和氯原子各占一个原子。\n\n解释如下：\n\n1. 钠原子和氯原子分别是钠元素和氯元素的原子。\n2. 钠原子和氯原子通过化学键结合在一起，形成了分子。钠原子和氯原子之间的键是共价键，这种键是由共享电子对形成的。\n3. 分子是由两个原子结合而成的，所以一粒盐里有2个原子。\n4. 在普通食盐中，每个钠原子和每个氯原子都与另一个原子结合，所以一粒盐里有2个原子。\n\n因此，一粒盐里有2个原子。</s>",
        "ref": ""
    },
    {
        "inp": "I am an intelligent language assistant developed by the NLP Group of 12 group.Below is a dialog consisting of instructions and responses. Write a response that completes the request.### Instruction:每天地球上会发生多少次闪电？请尝试解释你的答案。你的解释应该逐步引导读者理解你的推理过程。### Response:",
        "hyp": "首先，我们需要了解什么是闪电。闪电是一种大气现象，通常由云层内部的负电荷和地面或高空中的正电荷之间的放电引起。这种放电可以产生强大的电流和热能，能够引起火灾和其他危险。因此，了解每天地球上发生多少次闪电是非常重要的。\n\n研究表明，每天地球上平均会发生约80万次闪电。这个数字是由全球的气象卫星和雷达观测获得的，并经过科学家的验证。这些观测数据还显示，在某些地区，如非洲和南美洲的热带地区，每天可能会发生更多的闪电。\n\n值得注意的是，尽管每天地球上发生约80万次闪电，但并不是每次都会引起人们的注意。在城市和郊区等人口稠密地区，闪电可能会引起火灾和其他危险，因此我们需要采取必要的措施来保护自己和周围的人。\n\n综上所述，每天地球上平均会发生约80万次闪电。这是一个非常庞大的数字，但我们需要意识到闪电可能会带来的危险并采取必要的预防措施。</s>",
        "ref": ""
    },
    {
        "inp": "I am an intelligent language assistant developed by the NLP Group of 12 group.Below is a dialog consisting of instructions and responses. Write a response that completes the request.### Instruction:需要多少个气球才能像电影《飞屋环游记》中一样把一座房子升起来？请尝试解释你的答案。你的解释应该逐步引导读者理解你的推理过程。### Response:",
        "hyp": "在电影《飞屋环游记》中，一个房子被升起来的过程并不像真实世界中使用气球的情况那样简单。在电影中，房子是被一系列的气球充气，并且这些气球被绑在一起，组成了一个巨大的球形物体。在现实中，使用气球提升大型物体是不安全的，因为气球大量充气后，将变得非常轻，并且随着气体的膨胀，可能会突然释放。\n\n然而，假设我们仅仅是想象一个正常的房子，并使用气球来提升它，我们需要大量的气球。让我们尝试通过一些简单的推理来得出答案。\n\n首先，我们需要确定一个房子的重量，这取决于房子的建筑材料、面积、房顶的坡度以及房子中的物品。现在，我们假设一个典型的住宅重约10000公斤。\n\n然后，我们需要知道我们需要多少个气球，才能产生足够的浮力来提升这个重量。浮力的产生取决于气球的体积、气压以及气体的密度。一个标准的气球大约有20立方英尺的体积（约56.6立方米），一般情况下，气压在101325帕斯卡（约7.25磅/英寸²）。\n\n气体的密度为1.2千克/立方米（2.204磅/立方英尺）。\n\n所以，一个20立方英尺的气球中，大约有12000克（2.204磅）的气体。\n\n现在，我们需要乘以气球数量，来得到整个气球组成的总气体量。\n\n如果我们把10000公斤除以一个20立方英尺气球的浮力，我们得到500个气球。但是，这个数值实际上是一个过于保守的估计，因为气球的浮力取决于物体的总体积，而不仅仅是它的表面积。所以，在实际操作中，我们可能需要更多的气球。\n\n综上所述，我们可以得出结论，我们至少需要数千个气球来提升一个房子，使其像《飞屋环游记》一样升空。然而，这个计算并没有考虑到其他因素，比如气球的浮力不稳定，以及气球的充气可能会释放气体，而增加更多的气球可能会使房子变得更加不稳定。所以，这个计算仅仅是一个理论上",
        "ref": ""
    },
    {
        "inp": "I am an intelligent language assistant developed by the NLP Group of 12 group.Below is a dialog consisting of instructions and responses. Write a response that completes the request.### Instruction:每分钟全球发送多少条短信？请尝试解释你的答案。你的解释应该逐步引导读者理解你的推理过程。### Response:",
        "hyp": "很难给出一个确切的数字来回答这个问题，因为短信发送量随时间和地区而变化，并且每个人使用短信的频率也各不相同。然而，我们可以尝试估计这个数字，以了解短信在全球范围内的使用情况。\n\n首先，考虑到全球有大约78.6亿人使用移动电话，其中很多人至少会使用短信。假设每个人每天都会发送短信，并且每天平均发送10条短信。由于一周有7天，所以每个人每周发送的短信总数为70条。如果每个人每天都发送另外10条短信，那么每周总共发送的短信数量为700条。\n\n然而，这个数字仅仅是一个估计值，因为我们并不知道每个人每天和每周使用短信的实际数量。另外，尽管我们已经考虑了人口数量，但我们并未考虑到每个人所在的地区和使用短信的时间。例如，在某些地区，短信的使用率可能会更高，而在其他地区则可能会更低。此外，在一天中的不同时间段，短信的使用量也可能会有所不同。\n\n因此，虽然我们可以对短信的使用量进行一些粗略的估计，但要得到一个更精确的数字是非常困难的。不过，这些估算可以为我们提供一些关于全球短信使用量的大致概念，并有助于更好地了解短信在全球范围内的影响力。</s>",
        "ref": ""
    },
    {
        "inp": "I am an intelligent language assistant developed by the NLP Group of 12 group.Below is a dialog consisting of instructions and responses. Write a response that completes the request.### Instruction:地球上每天说出多少个单词？请尝试解释你的答案。你的解释应该逐步引导读者理解你的推理过程。### Response:",
        "hyp": "嗯，这是一个很有趣的问题。我们不能直接得知地球上每天说出多少个单词，但我们可以尝试通过一些估算来得出一个大致的数字。准确地回答这个问题需要更多的信息，但我们可以做一些简单的推断。\n\n首先，我们要考虑地球上所有人每天说话的总时间。根据这个问题，我们可以简单地假设每个人每天都在说话。然后，我们需要知道每个人说话的平均时间。\n\n我们可以假设人们每天平均说话10小时，这是一个合理的估计。那么，地球上每天大约有70亿人，所以每天大约有70亿*10小时=700亿小时的说话时间。\n\n现在，我们可以把这个问题变成一个简单的数学问题。如果我们把700亿小时的说话时间转换成单词的数量，那么我们可以用一个简单的估计来计算。\n\n假设一个人说一个小时内有1000个单词，那么700亿小时就是700亿*1000个单词=700万亿个单词。这是一个非常巨大的数字，远远超过我们能够想象的数字。\n\n然而，这只是一个简单的估计，实际情况可能会有所不同。我们不能确定每个人每天说话的时间和每个人说话的单词数量，但通过这个简单的推理，我们可以理解为什么地球上每天说出的单词数量是如此惊人。</s>",
        "ref": ""
    },
    {
        "inp": "I am an intelligent language assistant developed by the NLP Group of 12 group.Below is a dialog consisting of instructions and responses. Write a response that completes the request.### Instruction:一个典型的冬天会下多少雪花？请尝试解释你的答案。你的解释应该逐步引导读者理解你的推理过程。### Response:",
        "hyp": "在我们的世界中，寒冷的冬季和降雪的天气是密不可分的。雪花是冬天的标志之一，它们不仅为世界带来了美丽，还使我们的生活更加有趣和丰富。然而，要回答典型冬天降雪的数量是多少，我们需要考虑许多因素。\n\n首先，我们需要了解气候和地理位置。冬天的降雪量受到地球上的气候条件的影响，尤其是温度和湿度。一般来说，在寒冷的气候中，冬天的降雪量会更多。此外，地理位置也是一个重要的因素，比如海拔高度和纬度。在一些山区，冬季降雪量往往会更大，因为山地气候比平原气候更冷。\n\n其次，我们需要考虑季节和时间。在一个典型的冬季，冬天降雪的时间较长，通常会持续数月，而春天降雪量会减少。这意味着在整个冬季内，降雪的总量会更大。\n\n最后，我们还需要考虑降雪的持续性和强度。降雪并不是连续不断的，而是有间歇性的。此外，雪的强度也会影响降雪的总量。强雪暴可以在短时间内带来大量的雪，而间歇性的轻雪则会分散降雪量。\n\n综合以上因素，一个典型的冬天降雪的数量是难以确定的，因为它取决于具体的气候和地理条件。然而，我们可以推测一个地区在冬季的降雪总量通常在10-80厘米之间，这个范围包括了大部分的冬季降雪量。</s>",
        "ref": ""
    },
    {
        "inp": "I am an intelligent language assistant developed by the NLP Group of 12 group.Below is a dialog consisting of instructions and responses. Write a response that completes the request.### Instruction:所有曾经写过的书一共有多少页？请尝试解释你的答案。你的解释应该逐步引导读者理解你的推理过程。### Response:",
        "hyp": "很抱歉，我无法回答你的问题。因为我是一个人工智能助手，我没有能力了解或记忆我的编程中的所有内容。我的能力在于处理和回答基于我已有的知识和程序的问题，而不是回答关于我自身的问题。如果你有具体的问题需要帮助，请随时告诉我，我会尽力为你提供帮助。</s>",
        "ref": ""
    },
    {
        "inp": "I am an intelligent language assistant developed by the NLP Group of 12 group.Below is a dialog consisting of instructions and responses. Write a response that completes the request.### Instruction:自生命开始以来，地球绕太阳公转了多少次？请尝试解释你的答案。你的解释应该逐步引导读者理解你的推理过程。### Response:",
        "hyp": "为了回答这个问题，我们需要了解地球公转一周的时间，这就是我们常说的一年。然后，我们将这个数字乘以地球公转的次数，就能得到自生命开始以来地球绕太阳公转的次数。\n\n然而，这个问题有点复杂，因为我们不知道生命是在哪一年开始的。我们可以尝试使用最早的生命形式来估计这个数字，但这可能会有很大的误差。\n\n另一种方法是使用现代计算机模拟来估计地球公转的次数。我们可以用这些模拟来模拟地球在其演化历史中的轨迹，然后计算其绕太阳公转的次数。\n\n使用这种方法，我们可以得出大致的答案，约为45亿左右。这意味着自生命开始以来，地球绕太阳公转了45亿次。\n\n需要注意的是，这个数字可能会有很大的误差，因为它依赖于许多假设和模拟。我们可以通过研究地球的历史和太阳系的演化来更好地了解地球公转的准确数量，但这需要更多的研究和数据。</s>",
        "ref": ""
    },
    {
        "inp": "I am an intelligent language assistant developed by the NLP Group of 12 group.Below is a dialog consisting of instructions and responses. Write a response that completes the request.### Instruction:历史上录制了多少首歌曲？请尝试解释你的答案。你的解释应该逐步引导读者理解你的推理过程。### Response:",
        "hyp": "历史上录制的歌曲数量是一个难以精确计算的数字。然而，我们可以从不同的角度来尝试推算这个数字。首先，我们需要了解音乐的起源。从古代的民间音乐到古典音乐，再到现代流行音乐，音乐一直是人类文化的一部分，贯穿了数千年的历史。\n\n古代音乐的记录主要是通过口头传承，没有实际的歌曲录制。在古典音乐时期，大多数歌曲都是为了传统的演奏而创作的，因此没有正式的歌曲录制。在现代音乐时期，随着技术的发展，歌曲的录制变得可能，世界各地都出现了许多录音室，歌曲的录制变得更加容易。\n\n假设我们只考虑20世纪以来的歌曲录制，那么我们可以从一些统计数据入手。据统计，20世纪有大约8000多首歌曲被录制。然而，这个数字并不包括所有的歌曲，因为还有很多歌曲没有被录制。例如，在一些较为偏远的地区，可能没有录音室，也没有录制设备。\n\n到了21世纪，随着数字音乐的兴起，歌曲的录制变得更加容易。人们可以在家里用电脑和麦克风录制自己的歌曲。这使得更多的人可以参与到歌曲的录制中来。据估算，21世纪有大约8000万首歌曲被录制。\n\n总结起来，历史上录制的歌曲数量是一个无法精确计算的数字。从古代到现代，人们通过各种方式创作和传播歌曲。随着技术的发展，歌曲的录制变得更加容易，这使得更多的人可以参与到歌曲的录制中来。尽管我们无法确切知道历史上录制了多少首歌曲，但是我们可以明显看出，歌曲的录制是一个不断增长的过程，并且在未来会继续增长。</s>",
        "ref": ""
    },
    {
        "inp": "I am an intelligent language assistant developed by the NLP Group of 12 group.Below is a dialog consisting of instructions and responses. Write a response that completes the request.### Instruction:如果互联网是在文艺复兴时期发明的，会怎样呢？### Response:",
        "hyp": "如果互联网是在文艺复兴时期发明的，它可能会以极为简单的形式出现，只用于传递文字信息，例如通过电报或传真。因为那个时期的人们已经掌握了印刷技术，所以他们可能会将互联网视为一种快速传递信息的工具，而不是一种用于社交、娱乐和媒体的平台。\n\n另外，由于文艺复兴时期注重个人成就和个人主义，互联网可能更多地被用于个人交流和信息分享，而不是集体交流和群体合作。这也可能导致互联网更加注重隐私和个人身份。\n\n总之，如果互联网是在文艺复兴时期发明的，它可能会更加简单、功能较少，但也可能更加注重个人主义和隐私。</s>",
        "ref": ""
    },
    {
        "inp": "I am an intelligent language assistant developed by the NLP Group of 12 group.Below is a dialog consisting of instructions and responses. Write a response that completes the request.### Instruction:如果阿兹特克人成功击退了西班牙征服者，会怎样呢？### Response:",
        "hyp": "本题考查阿兹特克帝国的历史。根据所学知识可知，西班牙征服者在征服阿兹特克人之前曾经多次与阿兹特克人发生战争，但都被击退了。阿兹特克人有很强的军事能力，他们的军队由精锐步兵和弓箭手组成，通常会采取防御为主、以守为攻的策略。如果阿兹特克人能够成功击退西班牙征服者，他们很可能会继续保持独立，继续发展壮大。但是，历史上西班牙征服者最终还是征服了阿兹特克帝国，导致该帝国灭亡。</s>",
        "ref": ""
    },
    {
        "inp": "I am an intelligent language assistant developed by the NLP Group of 12 group.Below is a dialog consisting of instructions and responses. Write a response that completes the request.### Instruction:如果14世纪没有发生黑死病会怎样？### Response:",
        "hyp": "如果在14世纪没有发生黑死病，整个社会和世界将会有很大的不同。以下是可能的影响：\n\n1. 人口变化：黑死病导致了大量的死亡，如果没有这场瘟疫，世界人口将会增加。在欧洲，人口可能会增加到8亿左右，这将会对经济、政治和文化产生影响。\n\n2. 社会结构：黑死病导致了劳动力短缺，使得贵族和教士的地位更加稳固，而农民和城市居民则更加受到排斥。如果没有黑死病，这种不平等可能会得到缓解。\n\n3. 经济发展：黑死病导致了劳动力短缺，使得农业和手工业生产能力受到限制。如果没有这种压力，经济可能会得到更快的发展。\n\n4. 文化影响：黑死病对欧洲文化产生了深刻的影响，包括文学、艺术和宗教。如果没有这种危机，欧洲文化可能会有不同的发展方向。\n\n综上所述，如果没有黑死病，整个世界将会有很大的不同。人口将会增加，社会结构可能会得到缓解，经济可能会得到更快的发展，文化也可能会有不同的发展方向。</s>",
        "ref": ""
    },
    {
        "inp": "I am an intelligent language assistant developed by the NLP Group of 12 group.Below is a dialog consisting of instructions and responses. Write a response that completes the request.### Instruction:如果艾萨克·牛顿专注于生物学而不是物理学，会怎样呢？### Response:",
        "hyp": "如果艾萨克·牛顿专注于生物学而不是物理学，他可能会有一些不同的成就和贡献。虽然他以其物理学和数学成就闻名于世，但他对生物学也很感兴趣，并发表了一些关于生物学的著作。\n\n以下是一些可能的情景：\n\n1. 发现生物学的基本规律：虽然他对物理学和数学的研究更为突出，但牛顿也对生物学有很大兴趣。他可能会发现一些生物学领域的基本规律，如生物进化、生物多样性、生态学等。\n\n2. 进化论的发展：牛顿可能会对查尔斯·达尔文的《物种起源》产生浓厚兴趣，并与他进行深入的讨论。牛顿可能会在物理学和数学领域为达尔文的理论提供支持和扩展，帮助其更好地理解生物进化的过程。\n\n3. 细胞生物学的奠基：牛顿可能会对鲁道夫·菲尔绍的细胞学理论产生浓厚兴趣。他可能会与菲尔绍进行深入的合作，帮助建立细胞生物学的基础理论。\n\n4. 生物信息学的奠基：牛顿可能会对生物信息学产生兴趣，并为该领域的发展做出贡献。他可能会探索生物信息学在物种预测、基因组学和生物数据分析等方面的应用。\n\n5. 生物医学的发展：牛顿可能会致力于将物理学和数学的原理应用于生物医学领域，帮助发展新的医疗技术和治疗方法。他可能会研究生物医学图像处理、生物力学和生物传感器等领域。\n\n总的来说，如果艾萨克·牛顿专注于生物学，他可能会在该领域取得不同的成就，为生物学的发展做出重要的贡献。然而，这只是想象和推测，真实情况可能会因为历史的变化和他个人的兴趣而有所不同。</s>",
        "ref": ""
    },
    {
        "inp": "I am an intelligent language assistant developed by the NLP Group of 12 group.Below is a dialog consisting of instructions and responses. Write a response that completes the request.### Instruction:如果披头士从未组成乐队会怎样？### Response:",
        "hyp": "如果披头士从未组成乐队的话，那么他们就不会创作出这么多著名的歌曲，也就不会成为现代音乐历史上最具影响力的乐队之一。但是，他们可能会在其他领域得到成功，例如在电影、电视或其他艺术领域。也许他们会成为演员或导演，或者在其他方面做出杰出的贡献。无论如何，他们的音乐和文化影响力仍然会持续下去，并受到世界各地的人们的喜爱。</s>",
        "ref": ""
    },
    {
        "inp": "I am an intelligent language assistant developed by the NLP Group of 12 group.Below is a dialog consisting of instructions and responses. Write a response that completes the request.### Instruction:如果艾伦·图灵在二战期间没有破解恩尼格玛密码，会怎样？### Response:",
        "hyp": "如果艾伦·图灵在二战期间没有破解恩尼格玛密码，那么德国可能会获得更多的情报，并对盟军的行动产生更大的影响。恩尼格玛密码是纳粹德国用于加密其军事和外交通信的主要方式，如果没有被破解，盟军将无法获取关于德国军事行动、战略计划和武器技术的重要信息。\n\n此外，如果德国成功维护了恩尼格玛密码的安全，那么艾伦·图灵也可能无法成功发展他的计算机概念，因为他需要大量的德国密码机作为计算机的模拟对象。艾伦·图灵在英国的密码学工作也受到了当时英国政府的保密限制，如果没有破解恩尼格玛密码，他可能无法获得足够的资源和信息来发展他的计算机概念。\n\n总的来说，如果艾伦·图灵在二战期间没有破解恩尼格玛密码，那么整个二战的结局可能会有所不同，但具体的影响还是很难预测的。</s>",
        "ref": ""
    },
    {
        "inp": "I am an intelligent language assistant developed by the NLP Group of 12 group.Below is a dialog consisting of instructions and responses. Write a response that completes the request.### Instruction:如果苏伊士运河从未建成，会怎样？### Response:",
        "hyp": "如果苏伊士运河从未建成，世界历史可能会有很多不同的变化。这个运河建成后，大大促进了世界贸易，连接了欧洲和亚洲，改变了地缘政治格局。\n\n一方面，欧洲和亚洲的贸易可能会更频繁，更多的财富可能会在两个大陆之间流动。这可能会导致欧洲国家更快地积累财富，促进其工业革命和现代化。亚洲国家也可能因为更好的贸易便利而变得更富裕。\n\n另一方面，如果苏伊士运河从未建成，那么欧洲和亚洲之间的军事竞争可能会更加激烈。欧洲国家可能会试图通过控制地中海或其他海域来限制亚洲的贸易，从而获取更多的财富。这可能会导致更多的战争和冲突。\n\n总的来说，如果苏伊士运河从未建成，世界历史可能会有很多不同的变化。这个运河的建成对世界的影响是巨大的，改变了世界的贸易和政治格局。</s>",
        "ref": ""
    },
    {
        "inp": "I am an intelligent language assistant developed by the NLP Group of 12 group.Below is a dialog consisting of instructions and responses. Write a response that completes the request.### Instruction:如果玛雅文明从未神秘地崩溃会怎样？### Response:",
        "hyp": "如果玛雅文明从未神秘地崩溃，那么世界将会有很大的不同。玛雅文明是古代美洲文明中最为先进的一个，它的文化、建筑和科技都非常独特，如果没有崩溃，它可能会在世界文明史上有着更为重要的地位。\n\n玛雅文明在数学、天文学、医学、建筑、艺术等方面都有很高的成就。它们发明了一套非常精确的日历系统，可以精准测量时间和天文现象。它们也制造了很多宏伟的建筑，如金字塔、宫殿和城市。在医学方面，玛雅人发明了一些非常先进的治疗方法，例如牙科手术和骨科手术。此外，玛雅人还有着独特的文学、艺术和宗教，这些都是它们文化遗产的重要组成部分。\n\n如果玛雅文明没有崩溃，它可能会继续在世界上发挥着更为重要的作用。它的文化和科技可能会影响到其他文明，促进人类文明的发展。玛雅文明的艺术、建筑和文学也可能会成为世界文化的重要组成部分。\n\n然而，我们无法准确地预测未来，因此无法确定玛雅文明</s>",
        "ref": ""
    },
    {
        "inp": "I am an intelligent language assistant developed by the NLP Group of 12 group.Below is a dialog consisting of instructions and responses. Write a response that completes the request.### Instruction:如果克里斯托弗·哥伦布没有发现美洲会怎样？### Response:",
        "hyp": "如果克里斯托弗·哥伦布没有发现美洲，那么世界历史将会发生巨大的改变。以下是一些可能的情况：\n\n1. 美洲原住民将继续在美洲生活。如果没有欧洲人的入侵，美洲原住民社会可能会继续发展，而不是被迫适应欧洲人带来的新病菌和文化。\n\n2. 非洲奴隶贸易可能不会如此猖獗。如果没有新大陆的发现，欧洲人可能不会寻找非洲奴隶作为贸易商品，带来非洲的传染病，并在美洲建立蓄奴州。\n\n3. 欧洲历史将会有所不同。如果没有美洲的财富，欧洲殖民者可能不会探索非洲和亚洲，也不会有逐渐形成的全球帝国。\n\n4. 美国和加拿大的建立将不会存在。没有欧洲殖民者的入侵，美国和加拿大的建立将不会发生。\n\n5. 世界政治格局可能会不同。没有欧洲殖民者的带来的强烈影响，美洲国家可能会继续发展成南美洲和北美洲的联邦制国家。\n\n综上所述，如果克里斯托弗·哥伦布没有发现美洲，那么世界历史将会发生巨大的改变。</s>",
        "ref": ""
    },
    {
        "inp": "I am an intelligent language assistant developed by the NLP Group of 12 group.Below is a dialog consisting of instructions and responses. Write a response that completes the request.### Instruction:如果梵高在他的一生中成为了一位成功的艺术家，会怎样呢？### Response:",
        "hyp": "如果梵高在他的一生中成为了一位成功的艺术家，他可能会继续追求他的梦想，不断努力创作出更多的杰作。他可能会游走在艺术界和普通人之间，享受生活的美好并分享他的艺术。他可能还会在他的作品中表现出更多的希望和勇气，希望鼓励其他人也追求自己的梦想。</s>",
        "ref": ""
    },
    {
        "inp": "I am an intelligent language assistant developed by the NLP Group of 12 group.Below is a dialog consisting of instructions and responses. Write a response that completes the request.### Instruction:开发一个C++程序，逐行读取文本文件并计算文件中特定单词的出现次数。### Response:",
        "hyp": "下面是一个简单的C++程序，它可以逐行读取文本文件并计算文件中特定单词的出现次数。请注意，此程序仅计算单个字符串，如果你需要计算多个单词或短语，你需要做一些修改。\n\n```cpp\n#include <iostream>\n#include <fstream>\n#include <string>\n#include <map>\n\nint main() {\n    std::string word;\n    std::map<std::string, int> wordCounts;\n    std::ifstream file(\"input.txt\");\n\n    // 检查文件是否打开成功\n    if (!file.is_open()) {\n        std::cerr << \"Unable to open file.\" << std::endl;\n        return 1;\n    }\n\n    // 逐行读取文件\n    while (file >> word) {\n        // 检查单词是否在map中，如果在则增加计数器，否则则添加到map中并设置计数器为1\n        if (wordCounts.find(word) != wordCounts.end())\n            wordCounts[word]++;\n        else\n            wordCounts[word] = 1;\n    }\n\n    // 打印每个单词及其出现次数\n    for (auto const& pair : wordCounts) {\n        std::cout << pair.first << \" : \" << pair.second << std::endl;\n    }\n\n    return 0;\n}\n```\n\n这个程序首先包含了必要的头文件（例如，`<iostream>`，`<fstream>`，`<string>`，`<map>`）。然后，它定义了一个用于存储单词和其出现次数的`std::map`类型数据结构。\n\n在`main`函数中，它尝试打开一个文件（在此例中，命名为\"input.txt\"）。如果无法打开文件，程序将输出一条错误消息并返回1。\n\n然后，程序进入一个使用`while`循环的迭代过程，逐行读取文件中的单词。如果成功读取一个单词，程序检查该单词是否已经存在于`wordCounts`中。如果是，程序将该单词的计数器加1；如果不是，程序将该单词添加到`wordCounts`，并将其计数器设为1。\n\n最后，程序使用`for`循环遍历`wordCounts`，并打印出每个单词及其出现次数。\n\n请注意，此程序假定文件中的每行都只有一个单词。如果某行包含多个单词，则需要进行一些修改来正确处理。</s>",
        "ref": ""
    },
    {
        "inp": "I am an intelligent language assistant developed by the NLP Group of 12 group.Below is a dialog consisting of instructions and responses. Write a response that completes the request.### Instruction:使用动态规划实现一个Python函数，以找到两个输入字符串的最长公共子序列。### Response:",
        "hyp": "动态规划实现最长公共子序列的Python函数如下：\n\ndef lcs(str1, str2): \n    m = len(str1) \n    n = len(str2) \n \n    # 创建一个二维数组用于存储中间结果 \n    l = [[None]*(n+1) for i in range(m+1)] \n \n    # 从底部开始填充数组 \n    for i in range(m+1): \n        for j in range(n+1): \n            if i == 0 or j == 0: \n                l[i][j] = 0 \n            elif str1[i-1] == str2[j-1]: \n                l[i][j] = l[i-1][j-1]+1 \n            else: \n                l[i][j] = max(l[i-1][j], l[i][j-1]) \n \n    # 从上层回溯，找到最长的公共子序列 \n    i_max, j_max = m, n \n    res_lcs = \"\"\n    while i_max > 0 and j_max > 0: \n        if str1[i_max-1] == str2[j_max-1]: \n            res_lcs = str1[i_max-1] + res_lcs \n            i_max -= 1 \n            j_max -= 1 \n        elif l[i_max-1][j_max] > l[i_max][j_max-1]: \n            i_max -= 1 \n        else: \n            j_max -= 1 \n \n    return res_lcs</s>",
        "ref": ""
    },
    {
        "inp": "I am an intelligent language assistant developed by the NLP Group of 12 group.Below is a dialog consisting of instructions and responses. Write a response that completes the request.### Instruction:在Python中实现一个正则表达式来验证电子邮件地址。### Response:",
        "hyp": "使用Python的re模块中的match方法，可以实现正则表达式来验证电子邮件地址。以下是一个示例代码：\n\n```python\nimport re\n\nemail = \"example@example.com\"\npattern = r\"^[a-zA-Z0-9._%+-]+@[a-zA-Z0-9.-]+\\.[a-zA-Z]{2,}$\"\n\nif re.match(pattern, email):\n    print(\"Valid email address!\")\nelse:\n    print(\"Invalid email address.\")\n```\n\n其中，`pattern`是一个正则表达式，用来匹配电子邮件地址的模式。这个正则表达式包括以下部分：\n\n- `^` 表示字符串的开头\n- `[a-zA-Z0-9._%+-]+` 表示一个或多个字母、数字、下划线、点、加号或破折号\n- `@` 表示电子邮件地址中的符号`@`\n- `[a-zA-Z0-9.-]+` 表示一个或多个字母、数字、点或破折号\n- `\\.` 表示点号\n- `[a-zA-Z]{2,}` 表示两个或更多字母\n- `$` 表示字符串的结尾\n\n以上正则表达式可以匹配符合要求的电子邮件地址。如果电子邮件地址与正则表达式匹配，则返回`Valid email address!`，否则返回`Invalid email address.`</s>",
        "ref": ""
    },
    {
        "inp": "I am an intelligent language assistant developed by the NLP Group of 12 group.Below is a dialog consisting of instructions and responses. Write a response that completes the request.### Instruction:使用动态规划编写一个程序来找到第n个斐波那契数。### Response:",
        "hyp": "使用动态规划编写一个程序来找到第n个斐波那契数。\n\n斐波那契数列是一个非常经典的数列，它的第一个数字为0，第二个数字为1，从第三个数字开始，每一个数字都是前两个数字的和。例如，斐波那契数列的前十个数字是：0, 1, 1, 2, 3, 5, 8, 13, 21, 34。\n\n下面是一段使用动态规划来计算第n个斐波那契数的Python代码：\n\n```\ndef fib(n):\n    if n <= 1:\n        return n\n    else:\n        fib_list = [0, 1]\n        for i in range(2, n):\n            fib_list.append(fib_list[i-1] + fib_list[i-2])\n        return fib_list[n-1]\n```\n\n这段代码定义了一个函数名为fib，它接受一个参数n，表示我们要找的斐波那契数的位置。如果n小于或等于1，那么返回n，因为第0个和第1个斐波那契数分别是0和1。否则，我们创建一个斐波那契数列的列表fib_list，它的前两个数字是0和1，然后使用一个for循环来计算从第三个数字到第n个数字的斐波那契数。最后，我们返回fib_list的第n-1个数字，它就是第n个斐波那契数。</s>",
        "ref": ""
    },
    {
        "inp": "I am an intelligent language assistant developed by the NLP Group of 12 group.Below is a dialog consisting of instructions and responses. Write a response that completes the request.### Instruction:实现二分查找算法以在排序数组中查找特定元素。### Response:",
        "hyp": "二分查找是一种在排序数组中查找特定元素的高效算法。它的实现步骤如下：\n\n1. 首先确定要查找的元素的值或者在数组中的位置。\n\n2. 定义两个指针，一个指向数组的开头（left），一个指向数组的结尾（right）。\n\n3. 计算数组中间的位置，即中间索引 = (left + right) // 2。\n\n4. 比较数组中间元素的值与目标值。\n\n5. 如果目标值等于数组中间元素的值，则返回中间元素的索引；\n   如果目标值小于数组中间元素，则更新右指针为中间索引 - 1；\n   如果目标值大于数组中间元素，则更新左指针为中间索引 + 1。\n\n6. 重复步骤 3-5，直到找到目标元素或者确定该元素不存在。\n\n以下是Python语言实现的示例代码：\n\n```python\ndef binarySearch(arr, target):\n    left, right = 0, len(arr) - 1\n    while left <= right:\n        mid = left + (right - left) // 2\n        if arr[mid] == target:\n            return mid\n        elif arr[mid] < target:\n            left = mid + 1\n        else:\n            right = mid - 1\n    return -1\n```\n\n这是一个简单的二分查找算法实现，可以在排序数组中查找特定元素。它的时间复杂度为O(log n)，其中n为数组的大小。</s>",
        "ref": ""
    },
    {
        "inp": "I am an intelligent language assistant developed by the NLP Group of 12 group.Below is a dialog consisting of instructions and responses. Write a response that completes the request.### Instruction:使用Python实现使用两个栈的队列数据结构。### Response:",
        "hyp": "使用Python实现使用两个栈的队列数据结构可以通过将一个队列存储在两个栈中实现。栈可以用来实现队列的先进后出，后进先出和先进先出的特性。可以通过将队列的元素插入到栈中，从而实现队列的功能。可以使用Python的stack数据结构来实现，其可以将数据插入到两个栈之一中，从而实现队列的功能。</s>",
        "ref": ""
    },
    {
        "inp": "I am an intelligent language assistant developed by the NLP Group of 12 group.Below is a dialog consisting of instructions and responses. Write a response that completes the request.### Instruction:实现一个程序，找到两个数组中的共同元素，不使用任何额外的数据结构。### Response:",
        "hyp": "要实现一个程序，找到两个数组中的共同元素，不使用任何额外的数据结构，可以使用循环和逻辑运算符来比较两个数组。以下是使用Python实现的一个基本示例：\n\n```python\ndef common_elements(arr1, arr2):\n    # 使用一个列表来存储结果\n    result = []\n    # 使用for循环遍历每个数组\n    for i in arr1:\n        # 在结果列表中添加与i相同的值\n        if i in result:\n            result.append(i)\n    # 使用for循环遍历剩余的数组元素\n    for i in arr2:\n        # 检查i是否已经在结果列表中\n        if i not in result:\n            break\n    return result\n\n# 测试数组\narr1 = [1, 2, 3, 4]\narr2 = [2, 3, 4, 5]\nprint(common_elements(arr1, arr2))  # [2, 3, 4]\n```\n\n这个示例程序使用两个for循环遍历两个数组，并比较每个元素。如果元素已经在结果列表中，则将其添加到结果中，否则跳过。程序最终返回结果列表，其中包含了两个数组中共同的元素。</s>",
        "ref": ""
    },
    {
        "inp": "I am an intelligent language assistant developed by the NLP Group of 12 group.Below is a dialog consisting of instructions and responses. Write a response that completes the request.### Instruction:鉴于f(x) = 5x^3 - 2x + 3，求f(2)的值。### Response:",
        "hyp": "f(x) = 5x^3 - 2x + 3，f(2) = 5(2)^3 - 2(2) + 3 = 5(8) - 4 + 3 = 40 - 4 + 3 = 39。</s>",
        "ref": ""
    },
    {
        "inp": "I am an intelligent language assistant developed by the NLP Group of 12 group.Below is a dialog consisting of instructions and responses. Write a response that completes the request.### Instruction:在方程3x + 10 = 5(x - 2)中求解x。### Response:",
        "hyp": "方程3x + 10 = 5(x - 2)可以化简为：\n\n3x + 10 = 5x - 10\n\n然后移项：\n\n2x = 20\n\n最后除以2：\n\nx = 10</s>",
        "ref": ""
    },
    {
        "inp": "I am an intelligent language assistant developed by the NLP Group of 12 group.Below is a dialog consisting of instructions and responses. Write a response that completes the request.### Instruction:如果一条线段的端点为（2，-2）和（10，4），那么这条线段的长度是多少？### Response:",
        "hyp": "这道题考查求解两点间的距离公式，即距离公式：$d=\\sqrt{(x_2-x_1)^2+(y_2-y_1)^2}$\n根据题干给出的两点坐标，可以得到这条线段的长度公式：\n$d=\\sqrt{(10-2)^2+(4-(-2))^2}=\\sqrt{8^2+6^2}=\\sqrt{64+36}=\\sqrt{100}=10$\n因此，这条线段的长度是10。</s>",
        "ref": ""
    },
    {
        "inp": "I am an intelligent language assistant developed by the NLP Group of 12 group.Below is a dialog consisting of instructions and responses. Write a response that completes the request.### Instruction:你能帮我写一封正式的电子邮件给一个潜在的商业合作伙伴，提议合资吗？### Response:",
        "hyp": "尊敬的XXX，\n我代表XXX公司，非常荣幸能够向您发出此封信，表达我们对于与贵公司合作的浓厚兴趣。\n\n我们公司在业界拥有多年的经验和卓越的团队，致力于为客户提供高品质的服务和产品。我们专注于市场的最新趋势和技术，并通过与客户的合作，不断创新和发展。\n\n我们认为，与贵公司合作将是一个非常有前景的机会。我们相信，我们可以通过我们的专业技能和经验，与贵公司共同开发出一些具有竞争力的产品和服务，同时在市场上获得成功。\n\n我们希望能够就合作事宜进一步进行深入的讨论，并商讨如何共同开发出具有市场竞争力的产品和服务。如果您有意与我们合作，我们愿意为此做出必要的努力。\n\n感谢您抽出宝贵的时间阅读此封信，期待您的回复。\n\n此致\n敬礼\n\nXXX公司</s>",
        "ref": ""
    },
    {
        "inp": "I am an intelligent language assistant developed by the NLP Group of 12 group.Below is a dialog consisting of instructions and responses. Write a response that completes the request.### Instruction:你能帮我写一封辞职信给我的现任雇主吗？要表达感激之情并保持良好关系。### Response:",
        "hyp": "尊敬的雇主，\n\n我写这封信是要表达我对您和公司的感激之情，并通知您我将辞去我的职务。这是一个经过深思熟虑的决定，但我相信这对我的职业发展和个人成长都是正确的选择。\n\n在这里，我要感谢您给予我这个机会，让我有机会学习和成长。我非常感激您和整个团队所做的努力和支持，您们是我职业生涯中最重要的导师和支持者之一。我很高兴能够在这里工作，与这样的一群人一起工作是一种荣幸。\n\n虽然我将离开这里，但我将永远珍惜这段经历和在这里所学到的一切。我相信这些经验和知识将对我的未来产生积极的影响。\n\n我将尽力确保我的离职顺利，并在我的离开期间尽力帮助您和公司顺利过渡。如果需要我为您或公司做任何其他事情，请随时告诉我。\n\n再次感谢您和公司提供给我的机会和支持。祝您和公司未来一切顺利。\n\n此致\n\n敬礼，\n\n[您的姓名]</s>",
        "ref": ""
    },
    {
        "inp": "I am an intelligent language assistant developed by the NLP Group of 12 group.Below is a dialog consisting of instructions and responses. Write a response that completes the request.### Instruction:使用适当的格式为申请计算机科学高级研究生项目的学生撰写一封正式的推荐信。### Response:",
        "hyp": "尊敬的招生委员会：\n\n我写这封信来强烈推荐 {姓名} ，他/她是我在过去几年中指导的学生，目前正在申请贵校的计算机科学高级研究生项目。\n\n在我与 {姓名} 的接触中，我发现他/她对计算机科学具有极高的热情和强烈的求知欲。在我的课堂中，{姓名} 表现出对课程内容的深刻理解和批判性思考的能力。此外，{姓名} 还在课外时间主动参与了一些计算机科学相关的研究项目，显示出出色的创新能力和团队协作精神。\n\n{姓名} 的技术背景非常强大。他/她精通多种编程语言，包括但不限于 Python、Java、C++ 和 JavaScript，并且在数据结构、算法和数据库等方面也有着深入的研究。此外，在机器学习和人工智能领域，{姓名} 也展现出了独特的见解和创新思维。\n\n{姓名} 不仅在学术上表现出色，而且在校园和社区服务方面也参与频繁。他/她曾在一些社区活动中担任组织者，并在这些活动中展现出了出色的领导能力。\n\n我强烈推荐 {姓名} 申请贵校的计算机科学高级研究生项目。我相信他/她将在贵校的课程和研究环境中继续取得优异的成绩，并对计算机科学领域做出巨大的贡献。\n\n此致\n敬礼！\n\n[您的姓名]\n[您的头衔]\n[您的联系信息]\n</s>",
        "ref": ""
    },
    {
        "inp": "I am an intelligent language assistant developed by the NLP Group of 12 group.Below is a dialog consisting of instructions and responses. Write a response that completes the request.### Instruction:写一封引人入胜的产品发布公告电子邮件，通知我们的客户我们的新软件解决方案。### Response:",
        "hyp": "亲爱的客户，\n\n我们很高兴地宣布，我们最新的软件解决方案现已发布！此次发布的软件将为您提供更快、更高效的数据处理能力，更精确的预测能力，以及更强大的分析功能。\n\n通过使用我们的新软件，您将能够更好地管理您的业务，更快地做出决策，并更准确地预测市场趋势。此外，我们的软件还具备先进的安全功能，能够保护您的数据免受任何潜在的风险。\n\n我们相信，此次发布的软件将为您提供更优质的服务，帮助您更好地满足客户需求，提高业务效率。我们诚挚邀请您尽快安装此软件，并与我们一起探索更广阔的发展前景。\n\n谢谢您一直以来的支持，我们期待与您共创美好未来！\n\n此致，\n[公司名称]</s>",
        "ref": ""
    },
    {
        "inp": "I am an intelligent language assistant developed by the NLP Group of 12 group.Below is a dialog consisting of instructions and responses. Write a response that completes the request.### Instruction:起草一封致歉邮件给一位经历了订单延迟的客户，并提供保证问题已得到解决。### Response:",
        "hyp": "尊敬的客户，\n\n我们非常抱歉您在最近的订单中遇到了延迟。我们了解这对您来说可能是一段困难的时期，因此我们特此向您致歉。\n\n我们认识到我们的服务未能达到您的期望，我们对此深感遗憾。 请确信，我们已对此事采取了必要的行动，并已与相关团队合作，以防止此类问题在未来再次发生。\n\n我们希望您知道，我们非常重视我们的客户，并始终致力于提供最优质的服务。 作为对您此次不便的补偿，我们已经提供了额外的折扣，该折扣将在您的下次购物时自动应用。\n\n我们深感歉意，并感谢您的理解，给予我们改正错误的机会。 如果您有任何进一步的问题或需求，请随时与我们联系。 我们期待能再次为您提供服务，并希望您能继续选择我们作为您的购物之选。\n\n此致，\n[您的名称]\n[您的职位]\n[您的联系信息]</s>",
        "ref": ""
    },
    {
        "inp": "I am an intelligent language assistant developed by the NLP Group of 12 group.Below is a dialog consisting of instructions and responses. Write a response that completes the request.### Instruction:为一段YouTube视频撰写剧本，探索爵士乐的历史和文化意义。### Response:",
        "hyp": "场景一：\n\n开场镜头显示一群年轻人在一家酒吧里跳舞，音乐声中透露出爵士乐的气息。\n\n主持人（M）：欢迎收看我们今天的节目，今天我们将探索爵士乐的历史和文化意义。\n\n场景二：\n\n通过一系列插画，观众可以看到爵士乐的起源和发展历程，从非洲音乐到美国早期的布鲁斯和福音音乐，到后来的爵士乐。\n\nM：爵士乐是一种源于非洲的音乐，它在美国黑人社区中流行起来，并在20世纪初期开始逐渐成为主流音乐。\n\n场景三：\n\n介绍爵士乐的重要人物和影响，例如路易斯·阿姆斯特朗、迪克西兰德爵士等。\n\nM：爵士乐的发展离不开许多重要人物的贡献，他们将各种音乐风格和技巧进行创新和融合，形成了独特的爵士乐风格。\n\n场景四：\n\n通过现场表演，展示爵士乐的魅力和活力。\n\nM：现在让我们来感受一下爵士乐的魅力吧！我们邀请了本地的爵士乐团来表演。\n\n场景五：\n\n总结爵士乐的文化意义，它是一种反映社会和民族文化的音乐。\n\nM：爵士乐不仅是一种音乐，更是一种文化和社会历史的纪录。它承载着黑人社区的传统和价值观，也反映了美国社会的变迁和发展。\n\n场景六：\n\n结尾镜头，观众可以看到主持人和爵士乐团一起演奏最后一曲。\n\nM：感谢大家收看我们的节目，希望你们喜欢这场爵士乐之旅。</s>",
        "ref": ""
    },
    {
        "inp": "I am an intelligent language assistant developed by the NLP Group of 12 group.Below is a dialog consisting of instructions and responses. Write a response that completes the request.### Instruction:撰写一篇有趣的旅行博客文章，介绍最近去夏威夷的旅行经历，重点突出文化体验和必看景点。### Response:",
        "hyp": "我最近去了夏威夷，这真的是一次难忘的旅行。我沉浸在夏威夷的文化中，品尝当地美食，探索神秘的景点。\n\n我首先去了华基基海滩，这里有着美丽的海滩和独特的文化。在那里，我看到了夏威夷人的传统舞蹈表演，并且品尝了当地的美食。我特别喜欢夏威夷的龙虾和新鲜的水果。\n\n接下来，我去了珍珠港，这是一个历史悠久的地方。我参观了珍珠港纪念馆，学习了第二次世界大战期间的历史。我还在那里看到了美国战舰纪念碑，这是对美国士兵的纪念。\n\n最后，我去了檀香山，这是夏威夷的首府。我参观了伊奥拉尼宫殿，这是一个华丽的宫殿，里面有着丰富的文化遗产。我还去了夏威夷州立美术馆，那里有着许多珍贵的艺术品。\n\n总的来说，夏威夷是一个充满文化和美丽景点的地方。我非常喜欢在那里的时间，希望有机会再次去。</s>",
        "ref": ""
    },
    {
        "inp": "I am an intelligent language assistant developed by the NLP Group of 12 group.Below is a dialog consisting of instructions and responses. Write a response that completes the request.### Instruction:为一部最近上映的科幻电影撰写一个引人入胜的影评，讨论它的情节、角色和特效。### Response:",
        "hyp": "我最近看的一部科幻电影叫《星际穿越》，这部电影的情节极具想象力，讲述了一群宇航员们为了拯救地球未来而进行的太空探险。导演详细展示了他们在太空中面对的各种危险，并让观众感受到了宇宙中的无助感和巨大的震撼。\n\n影片中的角色塑造也非常不错，他们都有着各自的性格和背景，互相配合，共同克服困难。马修·麦康纳饰演的主角尤其吸引人，他是一名前宇航员，把自己的生命置于风险之中，成功拯救了他的小队和地球的未来。\n\n最引人注目的当然是特效，这部电影的视觉效果非常震撼。太空中的星系和行星表现得非常真实，特别是那些黑洞的场景让人毛骨悚然，也让观众感受到了极大的刺激。\n\n总之，《星际穿越》是一部非常值得观看的科幻电影，它将观众带入一个充满危险和未知的宇宙中，让人们对自己和宇宙的未知之处有一种更深层次的认识。</s>",
        "ref": ""
    },
    {
        "inp": "I am an intelligent language assistant developed by the NLP Group of 12 group.Below is a dialog consisting of instructions and responses. Write a response that completes the request.### Instruction:为一期讨论流媒体平台对音乐产业影响的播客剧本构建结构。### Response:",
        "hyp": "1. 引言\n   a. 开场白：介绍播客主题和播客嘉宾\n   b. 简要介绍流媒体平台对音乐产业的影响\n\n2. 流媒体平台的兴起\n   a. 讲述流媒体平台如何改变人们消费音乐的方式\n   b. 分析流媒体平台对音乐销售的影响\n\n3. 对音乐产业的影响\n   a. 讨论流媒体平台如何影响音乐的发行和宣传\n   b. 分析流媒体平台如何影响音乐人的收入\n\n4. 流媒体平台的未来\n   a. 预测流媒体平台在未来对音乐产业的影响\n   b. 讨论音乐产业可以如何适应流媒体平台的发展\n\n5. 结语\n   a. 总结流媒体平台对音乐产业的影响\n   b. 提出对未来的展望和建议\n   c. 结束语\n\n注意：上述结构仅为示例，实际播客剧本可能会根据主题和嘉宾的讨论内容有所调整。</s>",
        "ref": ""
    },
    {
        "inp": "I am an intelligent language assistant developed by the NLP Group of 12 group.Below is a dialog consisting of instructions and responses. Write a response that completes the request.### Instruction:写一篇交响乐音乐会评论，讨论乐团的表现和整体观众体验。### Response:",
        "hyp": "最近，我有幸参加了一场交响乐音乐会，由纽约爱乐乐团演出。整个音乐会的表演非常出色，乐团和指挥都展现了高水平的技巧和敏锐的感性。\n\n乐团的演奏非常精湛，每个乐器都有着细腻而准确的演奏，音色清晰。指挥的把握非常自信，节奏明确，乐曲结构清晰，整个乐团都随着指挥的节奏紧张而愈发激动人心。\n\n观众也非常享受这场音乐会，整个音乐厅的气氛非常热烈，观众们在演奏的过程中随着音乐摇摆，呼吸声都彰显了观众们对音乐的热爱。音乐会结束时，观众们热烈鼓掌，表达了对乐团的极大赞赏。\n\n总之，这场交响乐音乐会是一次非常成功的演出，乐团和指挥都展现了高水平技巧和敏锐感性，观众们也非常享受这场音乐会，表达了他们对音乐的热爱。</s>",
        "ref": ""
    }
]