[
    {
        "inp": "I am an intelligent language assistant developed by the NLP Group of 12 group.Below is a dialog consisting of instructions and responses. Write a response that completes the request.### Instruction:我该如何提高我的时间管理技能？### Response:",
        "hyp": "以下是几个提高时间管理技能的建议：\n1. 制定计划：每天早上花一点时间来制定一份计划，包括每项任务的时间和优先级。\n2. 集中注意力：避免分散注意力，专注于一个任务，完成后再转移到下一个任务。\n3. 避免拖延：不要将任务推迟，尽可能在规定时间内完成任务。\n4. 学会说“不”：如果任务太多，不可能完成，要学会拒绝一些不必要的任务。\n5. 休息：适当的休息和放松对于提高工作效率和保持精神状态都很重要。\n6. 监督自己：定期检查自己的时间管理情况，发现问题并及时改进。</s>",
        "ref": ""
    },
    {
        "inp": "I am an intelligent language assistant developed by the NLP Group of 12 group.Below is a dialog consisting of instructions and responses. Write a response that completes the request.### Instruction:如何有效地应对压力？### Response:",
        "hyp": "以下是一些有效应对压力的方法：\n\n1. 坚持健康的生活方式：保持充足的睡眠、良好的饮食和适度的运动有助于缓解压力。\n\n2. 建立良好的社交关系：与家人、朋友和同事保持良好的关系可以提供情感支持和缓解压力。\n\n3. 学会放松：尝试冥想、瑜伽、按摩、散步等放松活动有助于缓解身体和心理压力。\n\n4. 管理时间：制定合理的时间表，避免过度工作和压力。\n\n5. 寻求帮助：与专业人员沟通，获取帮助和建议可以缓解压力。\n\n6. 培养冷静态度：学会控制情绪和冷静思考，以更好地应对压力。</s>",
        "ref": ""
    },
    {
        "inp": "I am an intelligent language assistant developed by the NLP Group of 12 group.Below is a dialog consisting of instructions and responses. Write a response that completes the request.### Instruction:Python和JavaScript编程语言之间的主要区别是什么？### Response:",
        "hyp": "Python和JavaScript是两种不同的编程语言，它们之间的主要区别如下：\n1. 语法：Python的语法较为简单，易学易用，而JavaScript的语法较为复杂，需要更多的学习和理解。\n2. 应用领域：Python主要用于数据科学、机器学习、人工智能等领域，而JavaScript主要用于Web开发、浏览器端应用等领域。\n3. 运行环境：Python可以在不同的操作系统上运行，而JavaScript只能在浏览器或Node.js环境中运行。\n4. 类型系统：Python是动态类型语言，而JavaScript是弱类型语言，这意味着在使用Python时需要更多的检查和处理类型信息。\n5. 生态系统：Python拥有丰富的第三方库和生态系统，而JavaScript的生态系统相对较小，但随着Web技术的发展，JavaScript的生态系统也在不断扩大。\n总的来说，Python和JavaScript是两种不同的编程语言，各有优缺点，应根据具体情况选择使用。</s>",
        "ref": ""
    },
    {
        "inp": "I am an intelligent language assistant developed by the NLP Group of 12 group.Below is a dialog consisting of instructions and responses. Write a response that completes the request.### Instruction:我在家工作时如何提高生产力？### Response:",
        "hyp": "以下是一些可以提高家庭办公效率的方法：\n\n1. 建立一个专门的工作区：在家中设置一个专门的工作区，尽量避免在卧室或沙发上工作。\n2. 制定一个工作计划：制定一个实际可行的工作计划，可以提高效率和减少拖延。\n3. 减少干扰：设置一个干扰最小的工作区域，关闭社交媒体、电视等干扰设备，尽可能减少外部干扰。\n4. 保持健康的生活方式：保持健康的饮食、睡眠和运动习惯，提高身体和精神的充沛状态。\n5. 利用科技应用：使用时间管理和协作工具，如时间跟踪和任务管理应用程序、视频会议和团队协作工具等。\n6. 避免工作时间过长：定期休息，避免长时间工作，可以增加效率和提高工作质量。\n\n以上是一些常见的家庭办公效率提高方法，可以帮助您提高生产力。</s>",
        "ref": ""
    },
    {
        "inp": "I am an intelligent language assistant developed by the NLP Group of 12 group.Below is a dialog consisting of instructions and responses. Write a response that completes the request.### Instruction:你能解释一下量子计算的基础吗？### Response:",
        "hyp": "量子计算基于量子力学的原理，利用量子比特（qubit）进行计算，具有并行计算能力、巨大的数据处理能力等特点，可以解决一些传统计算机无法解决的问题，如分子模拟、密码破解等。</s>",
        "ref": ""
    },
    {
        "inp": "I am an intelligent language assistant developed by the NLP Group of 12 group.Below is a dialog consisting of instructions and responses. Write a response that completes the request.### Instruction:植物蛋白和动物蛋白来源之间有什么区别？### Response:",
        "hyp": "植物蛋白主要来源于植物，包括谷类、豆类、蔬菜、树叶等；而动物蛋白主要来源于动物，包括肉类、奶制品、鱼、鸡蛋等。植物蛋白比动物蛋白更易消化，更容易被人体吸收利用。此外，与动物蛋白相比，植物蛋白的热量和胆固醇含量较低，不会引起血脂升高和心血管疾病的风险。</s>",
        "ref": ""
    },
    {
        "inp": "I am an intelligent language assistant developed by the NLP Group of 12 group.Below is a dialog consisting of instructions and responses. Write a response that completes the request.### Instruction:我该如何发展我的批判性思维能力？### Response:",
        "hyp": "开放式问题的回答需要结合实际情况进行分析，建议提供更具体的问题描述以便更好地回答。</s>",
        "ref": ""
    },
    {
        "inp": "I am an intelligent language assistant developed by the NLP Group of 12 group.Below is a dialog consisting of instructions and responses. Write a response that completes the request.### Instruction:今天教育部门面临的主要挑战是什么？### Response:",
        "hyp": "今天教育部门面临的主要挑战是提高教育质量和推动教育创新。</s>",
        "ref": ""
    },
    {
        "inp": "I am an intelligent language assistant developed by the NLP Group of 12 group.Below is a dialog consisting of instructions and responses. Write a response that completes the request.### Instruction:什么是影响消费者行为的主要因素？### Response:",
        "hyp": "影响消费者行为的主要因素包括价格、品质、品牌、交通、服务、信息等。</s>",
        "ref": ""
    },
    {
        "inp": "I am an intelligent language assistant developed by the NLP Group of 12 group.Below is a dialog consisting of instructions and responses. Write a response that completes the request.### Instruction:在职场中，最有效的冲突解决策略是什么？### Response:",
        "hyp": "在职场中，最有效的冲突解决策略是遵循以下原则：\n1. 保持冷静：遇到冲突时，不要情绪化，保持冷静并想办法解决问题。\n2. 倾听对方：聆听对方的意见和诉求，并尝试理解对方的立场和情感。\n3. 谈判：通过谈判寻求双方的共识，并制定解决方案。\n4. 承认问题：承认自己的错误并尝试寻求解决方案。\n5. 寻求帮助：如果无法解决冲突，可以寻求上司或人力资源部门的帮助。\n6. 保持专业：在解决冲突时，保持专业和礼貌，不要攻击对方的个人品质或背景。\n7. 跟进：在解决冲突后，进行跟进，确保问题得到解决，并避免未来类似问题的发生。</s>",
        "ref": ""
    },
    {
        "inp": "I am an intelligent language assistant developed by the NLP Group of 12 group.Below is a dialog consisting of instructions and responses. Write a response that completes the request.### Instruction:使用一次性塑料瓶和可重复使用的瓶子对环境和人类健康有哪些潜在影响？### Response:",
        "hyp": "使用一次性塑料瓶会增加塑料垃圾的数量，并可能对环境造成长期的污染。塑料瓶通常需要几百年才能分解，这意味着它们在环境中具有很长的生存时间。此外，一次性塑料瓶往往没有被妥善处理，会成为环境中的垃圾。\n\n另一方面，使用可重复使用的瓶子则可以减少对环境的影响。虽然可重复使用的瓶子的生产过程会产生一定的环境影响，但它们的使用寿命更长，因此可以减少对塑料垃圾的产生。此外，可重复使用的瓶子可以被循环使用，这意味着它们可以被多次使用，最终减少对环境的影响。\n\n至于对人类健康的影响，一次性塑料瓶可能会污染饮用水，并对人类健康造成潜在的危害。塑料瓶可能含有毒性物质，例如双酚A，这些物质可能会进入使用者的食物和饮用水中。此外，使用一次性塑料瓶也可能导致环境污染，例如吸入塑料瓶的化学物质。另一方面，使用可重复使用的瓶子可以减少这些风险，并减少对环境的污染。</s>",
        "ref": ""
    },
    {
        "inp": "I am an intelligent language assistant developed by the NLP Group of 12 group.Below is a dialog consisting of instructions and responses. Write a response that completes the request.### Instruction:设计一个包容和无障碍的公共交通系统时，您会考虑哪些因素？### Response:",
        "hyp": "考虑因素包括：\n1. 轮椅通道的设计和可访问性\n2. 大字体和语音识别系统的可用性\n3. 无障碍信息和导航系统的使用性和可访问性\n4. 车站和车辆的无障碍设计和布局\n5. 雨天和低温条件下的安全性和可访问性\n6. 避免过度拥挤和挤压\n7. 车辆的轮椅容纳能力和轮椅升降设备的设计和可用性\n8. 为乘客提供警示和安全提醒\n9. 提供让残疾人乘降车的便利设施\n10. 遵守当地的无障碍规定和标准。</s>",
        "ref": ""
    },
    {
        "inp": "I am an intelligent language assistant developed by the NLP Group of 12 group.Below is a dialog consisting of instructions and responses. Write a response that completes the request.### Instruction:政府如何利用财政和货币政策来应对经济衰退？### Response:",
        "hyp": "政府可以利用财政和货币政策来应对经济衰退，其中财政政策包括减税、增加政府支出、提供贷款等措施，而货币政策则包括降低利率、增加货币供应等措施。这些措施可以刺激经济增长，减缓经济衰退的程度和范围，同时也能够稳定市场，减少金融风险。</s>",
        "ref": ""
    },
    {
        "inp": "I am an intelligent language assistant developed by the NLP Group of 12 group.Below is a dialog consisting of instructions and responses. Write a response that completes the request.### Instruction:语言和文化障碍如何影响人们在多元文化社会中的沟通和关系形成？### Response:",
        "hyp": "语言和文化障碍可以影响人们在多元文化社会中的沟通和关系形成。语言障碍使人们在交流时面临困难，无法有效地传达自己的想法和意图。文化障碍则可能导致人们在社交礼仪、习俗和规矩等方面的不理解，使人们难以适应不同的文化环境。这些障碍可能会导致人们感到孤独或不被理解，从而影响他们与其他人建立友好关系和彼此之间的沟通。因此，在多元文化社会中，人们需要学习和尊重不同的语言和文化，以便更好地融入社会并与他人建立良好的关系。</s>",
        "ref": ""
    },
    {
        "inp": "I am an intelligent language assistant developed by the NLP Group of 12 group.Below is a dialog consisting of instructions and responses. Write a response that completes the request.### Instruction:描述一种场景，人工智能可以用来提高医疗服务的质量和效率。### Response:",
        "hyp": "假设某个医院采用了人工智能技术，通过对医疗数据的分析和处理，可以提供更加准确和高效的医疗服务。例如，医院可以利用人工智能技术对病人的病历进行分析，以便更好地了解病人的病情和需要的治疗方案，从而提高治疗效果。此外，人工智能还可以在医院内部进行资源分配和监控，以便更好地管理医疗资源，并减少医疗服务的时间和成本，从而提高医疗服务的效率。</s>",
        "ref": ""
    },
    {
        "inp": "I am an intelligent language assistant developed by the NLP Group of 12 group.Below is a dialog consisting of instructions and responses. Write a response that completes the request.### Instruction:使用CRISPR-Cas9技术解释基因编辑的过程，并讨论其潜在应用和伦理问题。### Response:",
        "hyp": "CRISPR-Cas9技术是一种基因编辑技术，它可以用于精确地修改目标基因的DNA序列。基于该技术，科学家们可以通过将特定的蛋白质序列引入到人类细胞中，从而改变人类基因组的特定部分。\n\nCRISPR-Cas9技术的潜在应用广泛，可以用于治疗一系列疾病，如癌症、自闭症、遗传病等。此外，该技术还可以用于改良作物和动物品种，例如耐旱、抗病等。\n\n然而，CRISPR-Cas9技术也面临着许多伦理问题。首先，这种技术可能会导致基因突变和不可逆的影响，对人类健康和环境造成不可预测的影响。其次，CRISPR-Cas9技术可能对基因编辑的安全性和合法性的监管存在缺陷，因此需要在政策和法律层面上进行规范。</s>",
        "ref": ""
    },
    {
        "inp": "I am an intelligent language assistant developed by the NLP Group of 12 group.Below is a dialog consisting of instructions and responses. Write a response that completes the request.### Instruction:疫苗如何保护个人和社区免受传染病的侵害，什么是群体免疫？### Response:",
        "hyp": "疫苗通过注射疫苗剂量，让人体产生免疫反应，使得人体能够在接触到传染病病毒时迅速产生免疫反应，从而避免感染传染病。\n\n群体免疫是指当大部分人口接种了疫苗，即使少数人未能接种，也可以产生免疫保护的效果。这是因为当大部分人口已经被疫苗保护时，病毒的传播就会受到限制，从而减少未接种疫苗的人的感染风险。群体免疫的效果需要一定时间来达到，因此，政府和社区应该积极推广疫苗接种，以达到最大程度的保护效果。</s>",
        "ref": ""
    },
    {
        "inp": "I am an intelligent language assistant developed by the NLP Group of 12 group.Below is a dialog consisting of instructions and responses. Write a response that completes the request.### Instruction:社交媒体平台如何影响人们消费和分享新闻的方式，以及对于虚假信息传播的潜在影响是什么？### Response:",
        "hyp": "社交媒体平台已经彻底改变了人们消费和分享新闻的方式。人们现在可以在各种平台上得到最新的新闻和信息，并且可以即时地分享他们的看法和观点。这种即时性和互动性也使得消费者更容易被影响，而不是通过传统媒体渠道。\n\n然而，社交媒体平台也可能对新闻传播产生负面影响，尤其是在虚假信息和假新闻传播方面。由于社交媒体平台的快速传播速度和广泛覆盖面，假新闻可以很容易地被散播和传播，导致公众对事实的误解和误判。这可能会对个人、组织和国家的利益产生负面影响。\n\n因此，社交媒体平台需要采取措施来防止假新闻的传播，包括对平台上的内容进行更加严格的审核，加强用户教育和提高社交媒体平台的透明度。这样才能确保社交媒体平台在新闻传播方面发挥积极的作用，促进社会进步和发展。</s>",
        "ref": ""
    },
    {
        "inp": "I am an intelligent language assistant developed by the NLP Group of 12 group.Below is a dialog consisting of instructions and responses. Write a response that completes the request.### Instruction:文化、社会和经济因素如何影响人们的饮食选择，如何利用这些知识促进更健康的饮食？### Response:",
        "hyp": "文化因素可以影响人们的饮食选择，例如不同国家和地区的饮食习惯和文化背景。社会因素也可以在人们的饮食选择中起作用，例如社会经济状况、社会地位、教育水平等等。经济因素可以影响人们的饮食选择和消费水平。这些因素可以通过推广健康饮食和减少不健康饮食的政策和活动来促进更健康的饮食。</s>",
        "ref": ""
    },
    {
        "inp": "I am an intelligent language assistant developed by the NLP Group of 12 group.Below is a dialog consisting of instructions and responses. Write a response that completes the request.### Instruction:解释自然选择的过程以及它如何促进物种的进化和适应。### Response:",
        "hyp": "自然选择是指在自然环境中，根据某些特定的条件和特征，一些个体比其他个体更有可能生存下来并传递他们的基因给下一代，从而逐渐形成一种新的物种。这个过程被称为进化。\n\n自然选择是由环境的压力和适应的特征驱动的。在一个特定的环境中，某些个体拥有能够使他们在环境中生存得更好的特征，比如更强壮的体型、更快的速度、更好的视力等等。这些个体在繁殖中将这些特征遗传给下一代，从而使他们更有可能在环境中生存下来。\n\n随着时间的推移，这种特定的物种将逐渐适应他们的环境，并且形成新的物种。这种过程被称为物种的适应。由于不同物种的适应能力不同，这导致了不同物种在生态系统中的地位和分布，从而形成了生物多样性。\n\n总之，自然选择是一种力量，它能推动物种的进化和适应，并且对生物多样性产生了深远影响。</s>",
        "ref": ""
    },
    {
        "inp": "I am an intelligent language assistant developed by the NLP Group of 12 group.Below is a dialog consisting of instructions and responses. Write a response that completes the request.### Instruction:你会如何在皇家宴会上以中世纪骑士的身份介绍自己？### Response:",
        "hyp": "尊敬的贵族们，我是一位中世纪的骑士，仰慕贵族的尊贵和权威。我虔诚信守各项武士规矩，热衷于保护弱者，勇敢地面对困难。我愿意倾听贵族们的话语，并在您需要时帮助您。请尊敬的贵族们，您需要我为您服务吗？</s>",
        "ref": ""
    },
    {
        "inp": "I am an intelligent language assistant developed by the NLP Group of 12 group.Below is a dialog consisting of instructions and responses. Write a response that completes the request.### Instruction:作为海盗船长，你会对你的船员说什么来激励他们寻找隐藏的宝藏？### Response:",
        "hyp": "作为海盗船长，我会告诉我的船员：“我们的目标是寻找隐藏的宝藏，这需要我们的勇气和智慧。我们必须团结一心，共同努力，才能实现我们的梦想。我们是最优秀的海盗团队，我们不会被任何挑战所挫败。我们的荣誉和金钱都在我们的手中，只要我们不断努力，我们就能找到宝藏。”</s>",
        "ref": ""
    },
    {
        "inp": "I am an intelligent language assistant developed by the NLP Group of 12 group.Below is a dialog consisting of instructions and responses. Write a response that completes the request.### Instruction:如果你是莎士比亚的角色，你会如何在独白中表达你对某人的爱？### Response:",
        "hyp": "如果我是莎士比亚的角色，我会用独白表达对某人的爱，比如简短而深刻的语句，如“爱莫名如此，唯独爱无疆”或“你如风般的爱，让我渐行渐远，但我的爱却永远不会消逝”。我也可以用形象的比喻来表达，比如“你的笑容，如阳光般灿烂，让我感受到生命的温暖”或“你的眼神，如星辰般闪烁，让我感到美好的未来”。不管如何，我都会用最直接和有力的方式来表达自己的爱，让对方感受到我的真诚和热情。</s>",
        "ref": ""
    },
    {
        "inp": "I am an intelligent language assistant developed by the NLP Group of 12 group.Below is a dialog consisting of instructions and responses. Write a response that completes the request.### Instruction:作为一名超级英雄，你会如何向一个好奇的孩子解释你的起源故事？### Response:",
        "hyp": "嗨孩子，我的起源故事很有趣。你知道地球上有一种神奇的物质吗？这种物质被称为DNA，它是生命的基础，每个人都有他们自己的DNA。我的DNA有点不同，它赋予了我超能力，让我成为了一名超级英雄。我使用我的超能力来保护地球上的人们，让他们感到安全和快乐。我的故事就是关于如何将我自己的能力用于帮助他人的故事。</s>",
        "ref": ""
    },
    {
        "inp": "I am an intelligent language assistant developed by the NLP Group of 12 group.Below is a dialog consisting of instructions and responses. Write a response that completes the request.### Instruction:想象一下，你是来自公元3000年的时间旅行者。你会告诉人们哪些技术进步？### Response:",
        "hyp": "如果我来自公元3000年，我会告诉人们以下技术进步：\n\n1. 无人驾驶汽车：我们已经发展出了完全自动化的交通工具，这些汽车不需要司机，可以自动驾驶，为人们带来更安全、更舒适的出行体验。\n\n2. 虚拟现实技术：我们已经开发出了高度逼真的虚拟现实技术，可以让人们在现实世界之外体验各种不同的场景和情境。\n\n3. 人工智能：我们已经开发出了非常智能的机器人和软件程序，它们可以处理大量的信息和数据，并帮助人类完成各种任务和工作。\n\n4. 医疗技术：我们已经发展出了先进的医疗技术，可以治愈很多现在还无法治愈的疾病，延长人类寿命。\n\n5. 能源技术：我们已经找到了更加环保和高效的能源来源，比如太阳能、风能等，这些能源可以减少对地球环境的破坏。\n\n6. 空间探索技术：我们已经开始在太空中探索新的星球和宇宙，并开始建立人类在宇宙中的前哨站。</s>",
        "ref": ""
    },
    {
        "inp": "I am an intelligent language assistant developed by the NLP Group of 12 group.Below is a dialog consisting of instructions and responses. Write a response that completes the request.### Instruction:作为一名体育评论员，描述冠军赛最后几秒钟的获胜战术。### Response:",
        "hyp": "在冠军赛的最后几秒钟，获胜战术通常涉及团队的战术调整和个人的突破。团队可能会利用对手的弱点进行攻势，或者采用更加积极的进攻策略。个人的突破可能涉及突破对手的防守或者利用对手的失误来得分。无论是团队还是个人，都需要在最后几秒钟里做出决定，以确保获得胜利。</s>",
        "ref": ""
    },
    {
        "inp": "I am an intelligent language assistant developed by the NLP Group of 12 group.Below is a dialog consisting of instructions and responses. Write a response that completes the request.### Instruction:假装成一位世界著名的厨师。你会如何向评委团描述你的招牌菜？### Response:",
        "hyp": "我的招牌菜是酱汁鲜嫩烤鸡，采用特殊的烤制技术，使得鸡肉鲜嫩多汁，配以独特的酱汁味，口感醇香，回味无穷。我深信这道菜将会让评委团感到惊喜和满足。</s>",
        "ref": ""
    },
    {
        "inp": "I am an intelligent language assistant developed by the NLP Group of 12 group.Below is a dialog consisting of instructions and responses. Write a response that completes the request.### Instruction:你是一位登山者，到达了珠穆朗玛峰的山顶。描述一下你的情绪和从山顶上看到的景象。### Response:",
        "hyp": "登上珠穆朗玛峰的山顶，我的情绪非常激动和欣喜，因为这是我一生中最伟大的成就之一。我站在高高的山峰上，感受到无尽的震撼和神圣感。从这个高处，我可以看到整个世界的广阔和壮丽，以及海拔4800米的高原的无尽宁静。我感到非常幸福和满足，同时也很害怕和惊恐。</s>",
        "ref": ""
    },
    {
        "inp": "I am an intelligent language assistant developed by the NLP Group of 12 group.Below is a dialog consisting of instructions and responses. Write a response that completes the request.### Instruction:作为火星上的太空殖民者，描述你的日常生活以及在另一个星球上生活所面临的挑战。### Response:",
        "hyp": "作为火星上的太空殖民者，日常生活将极具挑战性。我们将面对环境极端，例如高辐射、低重力、极端温度和气压等问题。此外，我们需要面对资源紧缺，例如水、氧气和食物，以及与地球相比缺乏交流和资源共享的局面。我们需要利用最先进的科技，包括太阳能和风能等可再生能源，来保证我们的生存。我们还需要找到一种稳定的方式来维持生态平衡，以确保我们的环境不会受到破坏。维持身体健康也是挑战，因为长期在低重力环境下生活，加上高辐射，会导致很多身体问题，例如骨质疏松、视力下降和肌肉萎缩等。在这样的环境中生活，我们需要有极强的自律和毅力，以及灵活的头脑和创新性的思维方式。</s>",
        "ref": ""
    },
    {
        "inp": "I am an intelligent language assistant developed by the NLP Group of 12 group.Below is a dialog consisting of instructions and responses. Write a response that completes the request.### Instruction:假装成一个后启示录世界中的角色。描述你如何生存以及你遇到的盟友。### Response:",
        "hyp": "作为一个后启示录世界的角色，我的生存方式取决于我所处的环境和资源。在这个世界中，资源匮乏，我需要拥有强大的技能和战斗能力才能生存下来。\n\n我最初是一个医生，但我学会了很多其他的技能，比如狩猎、造船和修理。我还学会了适应这个环境，比如使用废弃的建筑物作为遮蔽物，利用荒野中的食物和水源为生。\n\n我的盟友是其他生还者和各种野生动物。我和他们建立了一个小型社区，共同经营农田和狩猎，并互相提供医疗和保护。我们还一起探索这个世界，寻找其他生还者和避难所。\n\n我的盟友们非常有用，他们不仅可以提供强大的战斗力，还可以为我提供医疗和技术支持。在我们一起探索的过程中，我们不断发现新的资源和信息，帮助我们更好地生存。\n\n总之，我的生存方式是通过狩猎、农业和合作，构建一个坚固的社区，在这个后启示录世界中生存下来。我的盟友们是我的家，他们为我提供了支持和保护，让我能够在这个危险的世界中生存下来。</s>",
        "ref": ""
    },
    {
        "inp": "I am an intelligent language assistant developed by the NLP Group of 12 group.Below is a dialog consisting of instructions and responses. Write a response that completes the request.### Instruction:你如何确定一家餐厅是否受到当地人的欢迎或主要吸引游客，为什么这些信息可能有用？### Response:",
        "hyp": "可以通过以下几种方式来确定一家餐厅是否受到当地人的欢迎或主要吸引游客：\n\n1. 观察餐厅的客人流量：如果餐厅的客人主要是当地居民，那么餐厅的客人流量可能会比较稳定，并且有一些常客。反之，如果餐厅的客人流量主要是游客，那么客人流量可能会比较大，并且人数会比较多变化。\n\n2. 调查餐厅的客户评价：如果餐厅的客户评价比较高，那么可以表示餐厅受到当地人的欢迎。反之，如果餐厅的评价比较低，那么可能是因为餐厅没有吸引游客。\n\n3. 了解餐厅的营销策略：如果餐厅采用的营销策略主要面向当地居民，那么餐厅很可能是受到当地人的欢迎。反之，如果餐厅的营销策略主要面向游客，那么餐厅很可能是为了吸引游客而设计的。\n\n这些信息可能会影响餐厅的经营策略。如果餐厅主要吸引游客，那么餐厅需要考虑提供更多的吸引游客的服务，如提供更多的旅游信息、增加宣传力度等。如果餐厅主要吸引当地居民，那么餐厅需要考虑提供更多的当地特色菜品、增加社交活动等，以吸引当地居民的消费。</s>",
        "ref": ""
    },
    {
        "inp": "I am an intelligent language assistant developed by the NLP Group of 12 group.Below is a dialog consisting of instructions and responses. Write a response that completes the request.### Instruction:当有人实际上感到困惑或不了解一个话题或对话时，有哪些微妙的线索表明他们在假装理解？### Response:",
        "hyp": "以下是一些表明他们在假装理解的微妙线索：\n\n1. 他们会直接把问题回答为“我不太清楚”或“我不知道”，而不会透露实际的感受或观点。\n\n2. 他们的回答可能很简短，没有详细说明或解释。\n\n3. 他们可能会在谈话中做出冷淡、不自然的表情或姿态，表明他们没有真正理解对方的意思。\n\n4. 他们可能会在开始谈话后一直保持沉默，或者在谈话中表现出不自然的情绪，例如紧张、不安、困惑等。\n\n5. 他们可能会打断对方的话，或者在谈话中表现出惊讶、惊恐、迷惑等反应，表明他们对话题的理解不够深入。\n\n6. 他们可能会在谈话中提出一些不相关的问题，或者在对话中表现出混淆、迷失方向的情况，这可能表明他们没有真正掌握讨论的主题。\n\n7. 最后，他们可能会在谈话结束后表现出急切的欲望，例如快速离开或转移话题的迹象，表明他们在尽力维护自己的幌子。</s>",
        "ref": ""
    },
    {
        "inp": "I am an intelligent language assistant developed by the NLP Group of 12 group.Below is a dialog consisting of instructions and responses. Write a response that completes the request.### Instruction:为什么有人会选择使用纸质地图或询问方向，而不是依赖GPS设备或智能手机应用程序？### Response:",
        "hyp": "有些人可能不信任GPS设备或智能手机应用程序，认为它们的精确性不佳或可能会出现误导。另外，有些人可能更喜欢使用传统的地图或者沟通方式，因为这种方式更加实用、可靠和便捷。</s>",
        "ref": ""
    },
    {
        "inp": "I am an intelligent language assistant developed by the NLP Group of 12 group.Below is a dialog consisting of instructions and responses. Write a response that completes the request.### Instruction:你如何确定一个人是真正对谈话感兴趣还是只是礼貌地说话？### Response:",
        "hyp": "可以通过观察对话中的身体语言、语调、反应速度和表达方式来确定对话对象是否真正感兴趣。例如，如果对话中的人偏向倾听并提出有意义的问题，而不是只是稍待句子结束，那么他们可能是真正对谈话感兴趣的。另外，他们还可以通过提出更多问题、表现出激情和关注来表明他们真正对话题感兴趣。</s>",
        "ref": ""
    },
    {
        "inp": "I am an intelligent language assistant developed by the NLP Group of 12 group.Below is a dialog consisting of instructions and responses. Write a response that completes the request.### Instruction:即使价格更高，为什么有人更喜欢在小型本地商店购物，而不是大型连锁店？### Response:",
        "hyp": "即使价格更高，有些人更喜欢在小型本地商店购物，原因有很多。首先，小型本地商店可能更加热情，更亲切，更乐于提供个性化服务，这些因素可以使消费者在购物时感觉更舒适。其次，小型本地商店可能更具有地方特色，因此可以提供更多独特的商品和服务，以满足消费者的需求。此外，购物也可以是一种体验，小型本地商店可能更有趣，更有个性，可以为消费者提供更多的购物体验。最后，小型本地商店可能更关注社区的利益，因此可以提供更多的社区贡献和服务，这也可以使消费者感受到被关注和支持。所有这些因素共同作用，使得许多人更喜欢在小型本地商店购物。</s>",
        "ref": ""
    },
    {
        "inp": "I am an intelligent language assistant developed by the NLP Group of 12 group.Below is a dialog consisting of instructions and responses. Write a response that completes the request.### Instruction:你如何评估信息来源的可信度，例如新闻文章或博客文章，而不仅仅依赖于作者或出版商的声誉？### Response:",
        "hyp": "评估信息来源的可信度需要综合考虑多个方面，以下是一些建议：\n\n1. 寻找多个来源：了解多个来源的观点和信息，并比较它们之间的一致性和矛盾之处。\n\n2. 审查作者/出版商：查看作者/出版商的背景和声誉，是否有其他的资讯或文章背景支持其观点。\n\n3. 确保准确性：检查事实是否准确，是否有证据支持，并了解作者/出版商的数据来源和方法。\n\n4. 确保独立性：检查作者/出版商是否有任何利益冲突，并确定他们的观点是否客观、中立、独立。\n\n5. 查看评论：检查其他读者的评论和反馈，看看他们对文章的质量和准确性有何看法。\n\n6. 验证来源：检查文章中的引用和数据来源，并确保它们是可靠和准确的。\n\n7. 了解作者/出版商的立场：了解作者/出版商的立场和目的，并确定他们的观点是否真实反映他们的立场。\n\n需要注意的是，评估信息来源的可信度是一个整体性的过程，需要综合考虑多个方面。同时，也需要注意到人们的信息来源可能会受到偏见或不准确的数据的影响，因此需要保持怀疑精神，并寻找多种来源以获得更全面和准确的信息。</s>",
        "ref": ""
    },
    {
        "inp": "I am an intelligent language assistant developed by the NLP Group of 12 group.Below is a dialog consisting of instructions and responses. Write a response that completes the request.### Instruction:为什么有些人喜欢被吓到的感觉，比如看恐怖电影或坐过山车，而其他人则避免这些经历？### Response:",
        "hyp": "这种倾向可能是因为一些人在生物学上有更强的冒险和刺激的倾向，而另一些人则更加保守和谨慎。此外，人们也可能因为社会和文化的影响而表现出不同的偏好。某些人可能会认为接受恐怖体验是很有趣的，而有些人则可能觉得这些体验会给他们带来负面的情绪和健康风险。</s>",
        "ref": ""
    },
    {
        "inp": "I am an intelligent language assistant developed by the NLP Group of 12 group.Below is a dialog consisting of instructions and responses. Write a response that completes the request.### Instruction:在社交场合观察其他人的行为如何提供有关文化规范和期望的线索？### Response:",
        "hyp": "通过观察其他人的行为，可以了解社会文化背景和社会期望，比如礼仪、礼貌、服饰、语言等方面的文化规范。例如，在某些国家，人们更偏向于保持低调，而在其他国家则更加开放、大胆。在某些文化中，人们会在某些场合表现出尊重与亲切，而在其他文化中则更注重礼貌和规矩。通过观察这些行为，可以更好地了解当地文化背景和社会期望，从而更好地适应或适配当地文化。</s>",
        "ref": ""
    },
    {
        "inp": "I am an intelligent language assistant developed by the NLP Group of 12 group.Below is a dialog consisting of instructions and responses. Write a response that completes the request.### Instruction:我们是否有道德义务探索太空，还是应该先专注于解决地球的问题？### Response:",
        "hyp": "虽然我们有探索太空的追求，但我们不应该忽视地球上面临的问题。我们应该在平衡两者之间找到一个平衡点，同时发展科技和解决地球上的问题。</s>",
        "ref": ""
    },
    {
        "inp": "I am an intelligent language assistant developed by the NLP Group of 12 group.Below is a dialog consisting of instructions and responses. Write a response that completes the request.### Instruction:在自动化越来越普及的世界中，优先考虑创造就业机会还是技术进步更为重要？### Response:",
        "hyp": "创造就业机会和技术进步都是非常重要的。技术进步为社会和经济发展提供了新的机遇和可能性，但同时也可能导致一些工作岗位的消失，需要政府和企业采取措施来解决这个问题。创造就业机会可以帮助更多人参与到经济和社会中，为人们提供更多的机会和选择。因此，应该综合考虑这两个方面，实现技术和就业的平衡发展。</s>",
        "ref": ""
    },
    {
        "inp": "I am an intelligent language assistant developed by the NLP Group of 12 group.Below is a dialog consisting of instructions and responses. Write a response that completes the request.### Instruction:一个人一生中平均眨眼多少次？请尝试解释你的答案。你的解释应该逐步引导读者理解你的推理过程。### Response:",
        "hyp": "根据一些研究，人类平均每日眨眼约6,000次左右，每年约18,250次左右，一生中约为约60万次左右。推测这主要是因为眼睛需要保持湿润，而眨眼可以帮助滴落眼睛表面的泪水。此外，眨眼还可以帮助调节眼球温度，保持视觉清晰，以及防止眼睛干燥和刺痛。</s>",
        "ref": ""
    },
    {
        "inp": "I am an intelligent language assistant developed by the NLP Group of 12 group.Below is a dialog consisting of instructions and responses. Write a response that completes the request.### Instruction:一粒盐里有多少个原子？请尝试解释你的答案。你的解释应该逐步引导读者理解你的推理过程。### Response:",
        "hyp": "一粒盐里并不会有任何原子，盐是由离子组成的，即由正离子和负离子组成的离子化合物。在盐中，每一个离子都由两个原子组成，一个正离子由一个阳离子和一个阴离子组成，一个负离子由一个阴离子和一个阳离子组成。因此，一粒盐中并不会包含任何原子。</s>",
        "ref": ""
    },
    {
        "inp": "I am an intelligent language assistant developed by the NLP Group of 12 group.Below is a dialog consisting of instructions and responses. Write a response that completes the request.### Instruction:每天地球上会发生多少次闪电？请尝试解释你的答案。你的解释应该逐步引导读者理解你的推理过程。### Response:",
        "hyp": "闪电的发生率取决于很多因素，包括天气状况、地理位置、气候条件等等。根据预测和研究，一般情况下，每天地球上可能会发生数千次闪电，但具体数字会因地区和天气情况而有所不同。总的来说，闪电的发生是一个非常复杂的过程，需要多种因素的综合作用才能发生。</s>",
        "ref": ""
    },
    {
        "inp": "I am an intelligent language assistant developed by the NLP Group of 12 group.Below is a dialog consisting of instructions and responses. Write a response that completes the request.### Instruction:需要多少个气球才能像电影《飞屋环游记》中一样把一座房子升起来？请尝试解释你的答案。你的解释应该逐步引导读者理解你的推理过程。### Response:",
        "hyp": "《飞屋环游记》中的飞行场景是虚构的，并没有实际参考现实中的物理规律。因此，无法根据电影中的场景来推算出需要多少个气球才能把一座房子升起来。需要考虑的因素包括房屋的大小、重量、使用的材料、气球的气压、气球的承载能力等等。因此，不能仅凭电影场景来确定实际情况。</s>",
        "ref": ""
    },
    {
        "inp": "I am an intelligent language assistant developed by the NLP Group of 12 group.Below is a dialog consisting of instructions and responses. Write a response that completes the request.### Instruction:每分钟全球发送多少条短信？请尝试解释你的答案。你的解释应该逐步引导读者理解你的推理过程。### Response:",
        "hyp": "根据2021年2月的数据，全球每分钟发送的短信数量为约5亿条。这个数字可能会随着时间和技术的发展而发生变化，但目前仍然是一个令人印象深刻的数字。\n\n解释推理过程：首先，我们需要知道全球每个月发送的短信数量。根据统计数据，全球每天平均发送约4.5亿条短信，每个月约为1.32亿条短信。然后，我们需要将这个数字除以每个月的时间，得到每天发送的短信数量。由于每个月有30天，每天发送约450万条短信。最后，将每天发送的数量乘以每分钟的时间，得到每分钟发送的短信数量为5亿条。</s>",
        "ref": ""
    },
    {
        "inp": "I am an intelligent language assistant developed by the NLP Group of 12 group.Below is a dialog consisting of instructions and responses. Write a response that completes the request.### Instruction:地球上每天说出多少个单词？请尝试解释你的答案。你的解释应该逐步引导读者理解你的推理过程。### Response:",
        "hyp": "这个问题无法给出一个具体的数字，因为每个人每天所说的单词数量因人而异，不仅受到个人语言能力、兴趣爱好、目的、情境等多种因素的影响，而且每个人发音、口音、语速等方面都有所不同。此外，因为人类语言的复杂性，一个单词在不同的语境下会有不同的含义和用法。因此，即使在一个较为简单的语言环境下，也无法确定每个人每天说出的单词数量。</s>",
        "ref": ""
    },
    {
        "inp": "I am an intelligent language assistant developed by the NLP Group of 12 group.Below is a dialog consisting of instructions and responses. Write a response that completes the request.### Instruction:一个典型的冬天会下多少雪花？请尝试解释你的答案。你的解释应该逐步引导读者理解你的推理过程。### Response:",
        "hyp": "很抱歉，这个问题无法得到准确的答案，因为冬天下雪的数量取决于许多因素，如气候、环境、季节等等。一般来说，冬季会下雪，但下雪的数量会因地区和气候而异。一些地区可能会下很多雪，而另一些地区则可能不下雨或下雪。因此，无法给出一个具体的数字来回答这个问题。</s>",
        "ref": ""
    },
    {
        "inp": "I am an intelligent language assistant developed by the NLP Group of 12 group.Below is a dialog consisting of instructions and responses. Write a response that completes the request.### Instruction:所有曾经写过的书一共有多少页？请尝试解释你的答案。你的解释应该逐步引导读者理解你的推理过程。### Response:",
        "hyp": "由于没有提供具体的书籍名称和数量，无法回答这个问题。</s>",
        "ref": ""
    },
    {
        "inp": "I am an intelligent language assistant developed by the NLP Group of 12 group.Below is a dialog consisting of instructions and responses. Write a response that completes the request.### Instruction:自生命开始以来，地球绕太阳公转了多少次？请尝试解释你的答案。你的解释应该逐步引导读者理解你的推理过程。### Response:",
        "hyp": "自生命开始以来，地球绕太阳公转了大约4.6亿次，这个数字是通过计算地球离太阳的轨道周期和地球公转周期的乘积得到的。地球离太阳的轨道周期是365.24日，而地球公转周期则是365.24日。因此，地球绕太阳公转了4.6亿次。这个数字是一个非常大的数字，但它能够告诉我们地球在宇宙中的位置和运动方式。</s>",
        "ref": ""
    },
    {
        "inp": "I am an intelligent language assistant developed by the NLP Group of 12 group.Below is a dialog consisting of instructions and responses. Write a response that completes the request.### Instruction:历史上录制了多少首歌曲？请尝试解释你的答案。你的解释应该逐步引导读者理解你的推理过程。### Response:",
        "hyp": "由于历史上的音乐录制技术不断发展，因此无法确定历史上录制了多少首歌曲。但是，根据一些数据，可以推断出在1920年代和1930年代，大量的歌曲被录制了下来。这些歌曲包括著名的爵士乐、民谣和流行歌曲，如《Ain't Misbehavin》、《Moon River》和《Summertime》。此外，在20世纪60年代和70年代，流行音乐和摇滚乐的崛起也导致了大量歌曲的录制，如《Bohemian Rhapsody》和《Stairway to Heaven》。因此，可以说历史上录制了大量的歌曲，且这些歌曲多样化，涵盖了不同的音乐类型和风格。</s>",
        "ref": ""
    },
    {
        "inp": "I am an intelligent language assistant developed by the NLP Group of 12 group.Below is a dialog consisting of instructions and responses. Write a response that completes the request.### Instruction:如果互联网是在文艺复兴时期发明的，会怎样呢？### Response:",
        "hyp": "如果互联网是在文艺复兴时期发明的，它可能会被视为一种新的艺术形式，与书籍、绘画和音乐一样被珍视和传承。然而，由于技术限制，互联网可能不会像现在那样快速发展和普及，需要更长的时间才能达到现代互联网的规模和功能。此外，互联网可能会更注重个性化和艺术性，让用户可以更自由地创造和表达自己的内容。然而，由于文艺复兴时期的政治、宗教和社会环境的不同，互联网也可能会受到不同的限制和批评。</s>",
        "ref": ""
    },
    {
        "inp": "I am an intelligent language assistant developed by the NLP Group of 12 group.Below is a dialog consisting of instructions and responses. Write a response that completes the request.### Instruction:如果阿兹特克人成功击退了西班牙征服者，会怎样呢？### Response:",
        "hyp": "如果阿兹特克人成功击退了西班牙征服者，他们可能会继续保持独立，继续维持自己的文化和传统。他们也可能与其他印第安部落进行联盟，共同抵御外来侵略。但是，这只是一种假设，实际情况可能会有所不同。</s>",
        "ref": ""
    },
    {
        "inp": "I am an intelligent language assistant developed by the NLP Group of 12 group.Below is a dialog consisting of instructions and responses. Write a response that completes the request.### Instruction:如果14世纪没有发生黑死病会怎样？### Response:",
        "hyp": "如果14世纪没有发生黑死病，很可能会有一些重要的历史事件发生得不同。例如，由于缺乏大量的劳动力，欧洲的农业和手工业可能会发展得更缓慢，或者城市化过程可能会被延迟。此外，黑死病的爆发也可能带来了一些社会和文化上的变化，比如人们在更高的死亡率下更加珍惜生命，更注重生命的价值和意义。因此，无法确定黑死病是否会对历史产生长期的影响，但它无疑是一个非常重要的历史事件，对欧洲和全球的发展产生了深远的影响。</s>",
        "ref": ""
    },
    {
        "inp": "I am an intelligent language assistant developed by the NLP Group of 12 group.Below is a dialog consisting of instructions and responses. Write a response that completes the request.### Instruction:如果艾萨克·牛顿专注于生物学而不是物理学，会怎样呢？### Response:",
        "hyp": "如果艾萨克·牛顿专注于生物学而不是物理学，他可能会在生物学领域取得比在物理学领域更多的成就。他可能会研究生物系统的运作方式和机制，如动物和植物的生长和繁殖，以及人类身体的构造和功能。他可能会发现一些关于生命起源和进化的新知识，并将这些知识应用于医学、农业和环境保护等领域。</s>",
        "ref": ""
    },
    {
        "inp": "I am an intelligent language assistant developed by the NLP Group of 12 group.Below is a dialog consisting of instructions and responses. Write a response that completes the request.### Instruction:如果披头士从未组成乐队会怎样？### Response:",
        "hyp": "如果披头士从未组成乐队，那么对于音乐史和文化影响的影响将是无法估量的。披头士是20世纪60年代最具影响力的乐队之一，他们的音乐和文化影响延续至今，成为了现代音乐的重要组成部分。如果披头士从未成立，那么许多人可能会错过了他们的音乐和文化的重要意义。</s>",
        "ref": ""
    },
    {
        "inp": "I am an intelligent language assistant developed by the NLP Group of 12 group.Below is a dialog consisting of instructions and responses. Write a response that completes the request.### Instruction:如果艾伦·图灵在二战期间没有破解恩尼格玛密码，会怎样？### Response:",
        "hyp": "如果艾伦·图灵在二战期间没有破解恩尼格玛密码，那么他可能会被纳粹德国的情报部门抓住并关押起来，因为他的技能和知识可能对纳粹德国的战争计划产生巨大影响。但是，也有可能因为他的贡献，他会得到保护并避免被追捕和审判。</s>",
        "ref": ""
    },
    {
        "inp": "I am an intelligent language assistant developed by the NLP Group of 12 group.Below is a dialog consisting of instructions and responses. Write a response that completes the request.### Instruction:如果苏伊士运河从未建成，会怎样？### Response:",
        "hyp": "如果苏伊士运河从未建成，很可能会造成世界贸易的大幅度变化。由于苏伊士运河是连接东南亚、印度洋、非洲和欧洲的重要水路，没有它的存在，货物将不得不通过其他海上航线或陆路，这将导致运输成本增加、货物运输延误等问题。此外，苏伊士运河的建成还促进了国际贸易的发展，如果没有这条运河，很可能会影响世界各国的经济发展和人民生活。</s>",
        "ref": ""
    },
    {
        "inp": "I am an intelligent language assistant developed by the NLP Group of 12 group.Below is a dialog consisting of instructions and responses. Write a response that completes the request.### Instruction:如果玛雅文明从未神秘地崩溃会怎样？### Response:",
        "hyp": "没有足够的信息来回答这个问题，因为玛雅文明从未真正消亡，只是在历史上消失了一段时间。我们不能假设玛雅文明会发生什么，因为历史上的事件是无法准确预测的。</s>",
        "ref": ""
    },
    {
        "inp": "I am an intelligent language assistant developed by the NLP Group of 12 group.Below is a dialog consisting of instructions and responses. Write a response that completes the request.### Instruction:如果克里斯托弗·哥伦布没有发现美洲会怎样？### Response:",
        "hyp": "如果克里斯托弗·哥伦布没有发现美洲，那么16世纪欧洲和美洲之间的贸易和文化交流将会大不同。欧洲的知识和技术将无法传播到美洲，美洲的人们也无法接触到欧洲的文明和文化。因此，美洲的历史将会大不相同，可能会是一个与欧洲不同的文明体系。</s>",
        "ref": ""
    },
    {
        "inp": "I am an intelligent language assistant developed by the NLP Group of 12 group.Below is a dialog consisting of instructions and responses. Write a response that completes the request.### Instruction:如果梵高在他的一生中成为了一位成功的艺术家，会怎样呢？### Response:",
        "hyp": "梵高的成功在于他的作品，他的作品给人们带来了深刻的感受和启示，这使得他在艺术界获得了很高的地位，并且在他生前和去世后都被广泛传颂和推崇。梵高的作品被认为是艺术史上最具创造力和感受性的作品之一，因为他的创作风格和表现方式独特而充满力量，在艺术界产生了深远的影响。如果梵高能够成为一位成功的艺术家，他就能够继续创作出更多的杰作，为世界带来更多的艺术感受和启示。</s>",
        "ref": ""
    },
    {
        "inp": "I am an intelligent language assistant developed by the NLP Group of 12 group.Below is a dialog consisting of instructions and responses. Write a response that completes the request.### Instruction:开发一个C++程序，逐行读取文本文件并计算文件中特定单词的出现次数。### Response:",
        "hyp": "首先，需要在程序中定义一个文件名和特定单词。然后，可以使用C++ i/o操作来打开文件并读取每一行。接下来，可以对每一行进行分割，并对分割后的单词进行判断，如果分割后的单词与特定单词匹配，则增加计数器的值。最后，打印出计数器的值。以下是一个简单的C++程序实现：\n\n```c++\n#include <iostream>\n#include <fstream>\n#include <string>\n\nusing namespace std;\n\nint count_word(string word, string filename);\n\nint main() {\n    string filename = \"example.txt\";\n    string word = \"example\";\n    int count = count_word(word, filename);\n    cout << \"特定单词在文件中出现了 \" << count << \" 次\" << endl;\n    return 0;\n}\n\nint count_word(string word, string filename) {\n    int count = 0;\n    ifstream input_file(filename);\n    if (input_file.is_open()) {\n        string line;\n        while (getline(input_file, line)) {\n            size_t pos = line.find(word);\n            if (pos != string::npos) {\n                count++;\n            }\n        }\n        input_file.close();\n    } else {\n        cout << \"无法打开文件\" << endl;\n        count = -1;\n    }\n    return count;\n}\n```\n\n在上面的程序中，我们使用的是C++输入输出流库，用于打开和读取文件。我们首先定义了一个函数`count_word`，该函数接受两个参数：特定单词和文件名。在函数中，我们使用一个`while`循环逐行读取文件，并使用`find`函数查找特定单词。如果找到了特定单词，则计数器加一。最后，返回计数器的值。在主函数中，我们打开文件并调用`count_word`函数来计算特定单词的出现次数，并打印结果。</s>",
        "ref": ""
    },
    {
        "inp": "I am an intelligent language assistant developed by the NLP Group of 12 group.Below is a dialog consisting of instructions and responses. Write a response that completes the request.### Instruction:使用动态规划实现一个Python函数，以找到两个输入字符串的最长公共子序列。### Response:",
        "hyp": "动态规划是解决最长公共子序列问题的常用算法之一，可以使用以下Python代码实现：\n\n```python\ndef longest_common_subsequence(s1: str, s2: str) -> str:\n    m, n = len(s1), len(s2)\n    dp = [[0] * (n + 1) for _ in range(m + 1)]\n    max_len = 0\n    result = \"\"\n\n    for i in range(1, m + 1):\n        for j in range(1, n + 1):\n            if s1[i - 1] == s2[j - 1]:\n                dp[i][j] = dp[i - 1][j - 1] + 1\n                if dp[i][j] > max_len:\n                    max_len = dp[i][j]\n                    result = s1[i - max_len: i - 1] + s2[j - max_len: j]\n            else:\n                dp[i][j] = 0\n\n    return result\n```\n\n其中，`s1`和`s2`是两个输入字符串，`dp`是一个二维数组，用于存储最长公共子序列的长度。初始化时，所有的元素都为0。对于每个输入字符串中的字符，如果它和另一个字符串中的字符相同，则它们的长度可以通过它们之前相同字符的长度加一维增加。如果字符不相同，则所有的元素都为零。最后，返回长度最大的结果字符串。</s>",
        "ref": ""
    },
    {
        "inp": "I am an intelligent language assistant developed by the NLP Group of 12 group.Below is a dialog consisting of instructions and responses. Write a response that completes the request.### Instruction:在Python中实现一个正则表达式来验证电子邮件地址。### Response:",
        "hyp": "可以使用Python内置的正则表达式模块`re`来实现。例如：\n\n```python\nimport re\n\nemail_regex = re.compile(r'^[a-zA-Z0-9._%+-]+@[a-zA-Z0-9.-]+\\.[a-zA-Z]{2,}$')\n\nemail = 'example@example.com'\nif email_regex.match(email):\n    print('验证通过')\nelse:\n    print('验证失败')\n```\n\n这个正则表达式可以匹配符合电子邮件地址规范的字符串。</s>",
        "ref": ""
    },
    {
        "inp": "I am an intelligent language assistant developed by the NLP Group of 12 group.Below is a dialog consisting of instructions and responses. Write a response that completes the request.### Instruction:使用动态规划编写一个程序来找到第n个斐波那契数。### Response:",
        "hyp": "使用动态规划编写一个程序来找到第n个斐波那契数，可以先将斐波那契数列写成一个长度为n的数组，然后使用动态规划方法填充数组，最后输出数组中的第n个元素，即为第n个斐波那契数。具体实现过程如下所示：\n\n1.定义一个长度为n的数组a，初始化所有元素为1。\n2.使用一个二维数组dp来记录前面的斐波那契数，每个元素dp[i][j]表示斐波那契数列中第i个数和第j个数的和。\n3.遍历数组a，对于每个数x，更新dp数组：dp[i][j] = dp[i-1][j] + dp[i-1][j-1]。\n4.输出数组a[n-1]，即为第n个斐波那契数。\n\n代码如下所示：\n\n```python\ndef fibonacci(n):\n    a = [1] * n\n    dp = [[0] * (n + 1) for _ in range(n)]\n    \n    for i, x in enumerate(a):\n        for j in range(1, i + 1):\n            dp[i][j] = dp[i - 1][j] + dp[i - 1][j - 1]\n    \n    return a[-1]\n\n# 测试\nn = 10\nprint(fibonacci(n))\n```\n\n该程序的时间复杂度为O(n)，因为遍历数组a的次数为n，而dp数组的每个元素都需要遍历一遍。因此，在较大的n值下，该程序的效率较低。如果需要更高效的算法，可以使用记忆化数组或数学定理的方法来优化代码。</s>",
        "ref": ""
    },
    {
        "inp": "I am an intelligent language assistant developed by the NLP Group of 12 group.Below is a dialog consisting of instructions and responses. Write a response that completes the request.### Instruction:实现二分查找算法以在排序数组中查找特定元素。### Response:",
        "hyp": "二分查找算法可以使用以下方法实现：\n\n1.首先，将数组按从小到大或从大到小的顺序排序。\n2.定义变量left和right，分别表示数组中第一个和最后一个元素的索引。\n3.在循环中，计算中间索引mid，并确定元素是否匹配所要查找的目标元素。\n4.如果目标元素匹配，则返回其索引。如果目标元素小于或大于中间元素，则更新left或right的值，以进入下一个循环。如果目标元素与中间元素相同，则数组中没有该元素，并返回-1。\n5.如果循环结束后仍未找到目标元素，则表示该元素不存在于数组中。\n\n伪代码如下：\n\n```\nfunction binarySearch(Array, target) {\n    let left = 0; // 起始索引\n    let right = Array.length - 1; // 结束索引\n    while (left <= right) {\n        let mid = Math.floor((left + right) / 2); // 计算中间索引\n        if (Array[mid] === target) { // 如果中间元素匹配目标元素\n            return mid;\n        } else if (Array[mid] < target) { // 如果目标元素小于中间元素\n            left = mid + 1; // 更新左边上限\n        } else { // 如果目标元素大于中间元素\n            right = mid - 1; // 更新右边上限\n        }\n    }\n    return -1; // 如果循环结束后仍未找到目标元素，则表示该元素不存在于数组中\n}\n```</s>",
        "ref": ""
    },
    {
        "inp": "I am an intelligent language assistant developed by the NLP Group of 12 group.Below is a dialog consisting of instructions and responses. Write a response that completes the request.### Instruction:使用Python实现使用两个栈的队列数据结构。### Response:",
        "hyp": "您可以使用两个列表来实现两个栈的队列数据结构。具体地说，一个列表用于存储待处理的元素，另一个用于存储已处理的元素。您可以使用Python的append()方法向待处理的列表中添加元素，使用pop()方法从已处理的列表中弹出元素，以便处理它们。以下是一个简单的实现示例：\n\n```python\nclass Stack:\n    def __init__(self):\n        self.stack1 = []\n        self.stack2 = []\n\n    def push(self, item):\n        self.stack1.append(item)\n\n    def pop(self):\n        if not self.stack1:\n            return None\n        return self.stack1.pop()\n\n    def peek(self):\n        if not self.stack1:\n            return None\n        return self.stack1[-1]\n\n    def is_empty(self):\n        if not self.stack1 and not self.stack2:\n            return True\n        return False\n```\n\n使用示例：\n\n```python\ns1 = Stack()\ns2 = Stack()\n\ns1.push(1)\ns1.push(2)\ns1.push(3)\n\ns2.push(4)\ns2.push(5)\ns2.push(6)\n\nprint(s1.peek())  # 输出 3\nprint(s1.pop())  # 输出 3\nprint(s1.is_empty()) # 输出 True\nprint(s2.peek()) # 输出 6\nprint(s2.pop()) # 输出 6\n```\n\n在这个实现中，`Stack`类实现了一个简单的队列数据结构，使用两个列表来实现。当您使用`push()`方法向队列中添加元素时，它将被添加到待处理的列表`self.stack1`中。当您使用`pop()`方法从队列中弹出元素时，它将从已处理的列表`self.stack2`中移除元素。`peek()`方法允许您查看队列的最后一个元素，而`is_empty()`方法允许您检查队列是否为空。</s>",
        "ref": ""
    },
    {
        "inp": "I am an intelligent language assistant developed by the NLP Group of 12 group.Below is a dialog consisting of instructions and responses. Write a response that completes the request.### Instruction:实现一个程序，找到两个数组中的共同元素，不使用任何额外的数据结构。### Response:",
        "hyp": "可以使用循环遍历两个数组，比较元素是否相同，如果相同则记录下来。最后返回记录的元素个数即为两个数组中的共同元素个数。</s>",
        "ref": ""
    },
    {
        "inp": "I am an intelligent language assistant developed by the NLP Group of 12 group.Below is a dialog consisting of instructions and responses. Write a response that completes the request.### Instruction:鉴于f(x) = 5x^3 - 2x + 3，求f(2)的值。### Response:",
        "hyp": "将x=2代入f(x)的式子中，得到f(2) = 5(2)^3 - 2(2) + 3 = 30。因此，f(2)的值为30。</s>",
        "ref": ""
    },
    {
        "inp": "I am an intelligent language assistant developed by the NLP Group of 12 group.Below is a dialog consisting of instructions and responses. Write a response that completes the request.### Instruction:在方程3x + 10 = 5(x - 2)中求解x。### Response:",
        "hyp": "将方程化简为3x - 5(x - 2) = 5，再将x - 2整理成x的形式，得到x = 3。</s>",
        "ref": ""
    },
    {
        "inp": "I am an intelligent language assistant developed by the NLP Group of 12 group.Below is a dialog consisting of instructions and responses. Write a response that completes the request.### Instruction:如果一条线段的端点为（2，-2）和（10，4），那么这条线段的长度是多少？### Response:",
        "hyp": "这条线段的长度为$\\sqrt{(10-2)^2+(4-(-2)^2}=\\sqrt{36+16}=\\sqrt{52}=2\\sqrt{13}$。</s>",
        "ref": ""
    },
    {
        "inp": "I am an intelligent language assistant developed by the NLP Group of 12 group.Below is a dialog consisting of instructions and responses. Write a response that completes the request.### Instruction:你能帮我写一封正式的电子邮件给一个潜在的商业合作伙伴，提议合资吗？### Response:",
        "hyp": "尊敬的XXX先生/女士，\n\n我是XXX公司的代表，我们致力于为客户提供最高质量的服务，包括XXX领域的产品开发和销售。我们在市场上已经取得了一定的成功，并且认为我们的产品具有很大的潜力。\n\n我们认为您的公司在XXX领域具有很强的实力和竞争力，并且我们相信我们可以合作共赢。因此，我们想着与您商讨一项具有潜力的合作项目。\n\n我们希望能够在XXX领域进行合作，共同开发新产品，并在市场上进行销售。我们相信我们的技术、资金和营销能力能够为您的公司带来更多的机会和价值。\n\n如果您对我们的提议感兴趣，我们欢迎您与我们进一步沟通。我们希望在未来能够成为您的商业合作伙伴，并共同开发更多的有价值的项目。\n\n谢谢您的时间和关注。\n\n此致，\n\n敬礼\n\nXXX公司代表</s>",
        "ref": ""
    },
    {
        "inp": "I am an intelligent language assistant developed by the NLP Group of 12 group.Below is a dialog consisting of instructions and responses. Write a response that completes the request.### Instruction:你能帮我写一封辞职信给我的现任雇主吗？要表达感激之情并保持良好关系。### Response:",
        "hyp": "尊敬的雇主先生/女士：\n\n感谢您这些年让我成为贵公司的一员，我在这里度过了难忘的时光，收获了宝贵的经验和人生感悟。\n\n经过深思熟虑，我决定申请辞去我在贵公司的职务，这不是因为对公司的不满或不满意，而是我认为自己需要寻找新的发展机会，并为家庭和个人的发展作出积极的贡献。\n\n我深知我的离职对公司的影响，但我将尽最大努力确保顺利过渡，包括协助培训新的员工和协助维持业务运营。\n\n再次感谢您和公司为我提供的机会和支持，我相信我们的良好关系将持续下去。\n\n祝您和公司蒸蒸日上，顺利发展。\n\n敬礼，\n\n[你的名字]</s>",
        "ref": ""
    },
    {
        "inp": "I am an intelligent language assistant developed by the NLP Group of 12 group.Below is a dialog consisting of instructions and responses. Write a response that completes the request.### Instruction:使用适当的格式为申请计算机科学高级研究生项目的学生撰写一封正式的推荐信。### Response:",
        "hyp": "尊敬的招生委员会：\n\n我写此信推荐<姓名>申请计算机科学高级研究生项目。我是<他/她>在<时间段>期间的指导教师，我非常了解他/她的学术能力、学术成就、个人品质和职业发展。我认为他/她是一位优秀的学生，具备精湛的计算机技能和扎实的理论基础，并具有对计算机科学领域的深入了解和热情。\n\n在我的指导下，他/她完成了多个计算机科学项目，包括开发一个人工智能算法、设计一个软件系统，并参加了多个计算机科学竞赛。他/她在这些项目中表现出了极高的能力和激情，以及出色的团队合作精神。他/她具有良好的沟通能力和解决问题的能力，能够适应快节奏的工作环境。\n\n我深信他/她在学术上会取得更大的进步，并为计算机科学领域做出杰出的贡献。我强烈推荐他/她加入您的计算机科学高级研究生项目，我相信他/她将是一个优秀的学生，为您的项目带来更多的价值。\n\n谢谢您的时间和考虑。\n\n真诚的，\n\n<您的名字></s>",
        "ref": ""
    },
    {
        "inp": "I am an intelligent language assistant developed by the NLP Group of 12 group.Below is a dialog consisting of instructions and responses. Write a response that completes the request.### Instruction:写一封引人入胜的产品发布公告电子邮件，通知我们的客户我们的新软件解决方案。### Response:",
        "hyp": "亲爱的客户，\n\n很高兴向您宣布我们的最新产品已经正式发布。这是一款独特的解决方案，旨在帮助您更好地管理和监控您的业务。\n\n我们深知您对于自动化和高效率的需求，因此我们团队专注于研发这个全新的软件。它包含了各种功能和工具，可帮助您更快、更轻松地完成工作。\n\n这个软件是一个多功能的解决方案，包含了以下几个特点：\n\n1. 实时数据分析：它能够实时分析您的业务数据，并生成报告和分析结果，让您更好地了解您的业务状况。\n\n2. 自动化工作流程：它可以自动化您的工作流程，减少人力资源和时间成本。\n\n3. 安全性：我们采用了最新的数据加密技术，保护您的数据安全。\n\n4. 灵活性：它可以根据您的业务需求进行定制，满足您的个性化需求。\n\n我们相信，这个软件将为您的业务带来巨大的价值，并帮助您更好地管理和监控您的业务。\n\n如果您有任何问题或需要了解更多信息，请随时联系我们的客户服务团队。我们期待着与您合作，为您提供最优质的服务。\n\n真诚地，\n\n[你的名字]</s>",
        "ref": ""
    },
    {
        "inp": "I am an intelligent language assistant developed by the NLP Group of 12 group.Below is a dialog consisting of instructions and responses. Write a response that completes the request.### Instruction:起草一封致歉邮件给一位经历了订单延迟的客户，并提供保证问题已得到解决。### Response:",
        "hyp": "尊敬的客户，\n\n首先，我由衷地向您表达我们的歉意，因为您的订单延迟了。我们深知您的耐心和信任，我们非常重视您的反馈，并会竭尽所能来解决这个问题。\n\n我们已经尽力解决了订单延迟的问题，我们了解您的不满并确认这是一个重要的问题。我们的团队正在积极采取措施以最大限度地减少类似问题的发生。我们将在未来采取措施确保这种问题不再发生。\n\n我们衷心感谢您的理解和支持，并保证我们将尽快回复您所提出的问题，以确保您的满意。如果您有任何其他疑问或需要进一步帮助，请随时联系我们。\n\n再次感谢您的支持和信任，\n\n诚挚的问候，\n\n[负责人姓名]</s>",
        "ref": ""
    },
    {
        "inp": "I am an intelligent language assistant developed by the NLP Group of 12 group.Below is a dialog consisting of instructions and responses. Write a response that completes the request.### Instruction:为一段YouTube视频撰写剧本，探索爵士乐的历史和文化意义。### Response:",
        "hyp": "场景一：介绍爵士乐的起源和发展。\n场景二：分析爵士乐在美国历史和文化中的重要性。\n场景三：讨论爵士乐风格和演奏技巧。\n场景四：介绍爵士乐的代表性音乐家和作品。\n场景五：探讨爵士乐在当代社会中的影响和发展。\n场景六：总结爵士乐的历史和文化意义。</s>",
        "ref": ""
    },
    {
        "inp": "I am an intelligent language assistant developed by the NLP Group of 12 group.Below is a dialog consisting of instructions and responses. Write a response that completes the request.### Instruction:撰写一篇有趣的旅行博客文章，介绍最近去夏威夷的旅行经历，重点突出文化体验和必看景点。### Response:",
        "hyp": "夏威夷，这个美丽的地方，无论是它的美丽海岸线、阳光沙滩，还是它的热情友好的居民，都让人无法抗拒。我最近去了夏威夷，经历了一段难忘的旅程。\n\n我最喜欢的文化体验是参观夏威夷博物馆。博物馆分为几个展览区，包括传统文化、历史和艺术。在这里，我学到了很多有关夏威夷的历史和文化的知识。其中最有趣的是一个展览，它展出了夏威夷人民的传统服装，这些服装都非常漂亮，充满了色彩和纹饰。\n\n除此之外，我还去了一些必看景点，其中最著名的是珍珠港。这个地方是二战中美国和日本的决战之地。在那里，我参观了珍珠港战争纪念馆和珍珠港战争纪念馆，这是一个非常感人的场所，我在那里学到了很多关于那个时代的历史和故事。\n\n此外，我也去了夏威夷的海滩，这个地方非常美丽，海水清澈，沙滩洁白。我还参加了一些水上活动，如冲浪和划皮划艇，这让我非常兴奋。\n\n总的来说，我的夏威夷之旅是一个非常棒的经历，我学到了很多关于夏威夷的文化和历史，并且我也享受了夏威夷的美景和水上活动。我强烈推荐每个人都去夏威夷旅行，这是一个非常特别的地方，值得一去。</s>",
        "ref": ""
    },
    {
        "inp": "I am an intelligent language assistant developed by the NLP Group of 12 group.Below is a dialog consisting of instructions and responses. Write a response that completes the request.### Instruction:为一部最近上映的科幻电影撰写一个引人入胜的影评，讨论它的情节、角色和特效。### Response:",
        "hyp": "最近上映的科幻电影《星际穿越》是一部引人入胜的电影，它讲述了一群宇航员穿越虫洞，试图找到一个适合人类生存的新星球。这部电影的情节紧凑，充满了惊险和紧张。角色的设定也很精彩，特别是主角卡普莲和戴维斯，他们的角色非常立体且有说服力。特效也非常精美，带来了不同寻常的视觉体验。总之，这部电影是一部值得观看的科幻电影，推荐给所有爱好这类影片的观众。</s>",
        "ref": ""
    },
    {
        "inp": "I am an intelligent language assistant developed by the NLP Group of 12 group.Below is a dialog consisting of instructions and responses. Write a response that completes the request.### Instruction:为一期讨论流媒体平台对音乐产业影响的播客剧本构建结构。### Response:",
        "hyp": "第一幕：介绍流媒体平台的背景和崛起\n- 讨论流媒体平台的历史和发展\n- 分析流媒体平台对音乐产业的影响\n\n第二幕：流媒体平台对音乐产业的影响\n- 探讨流媒体平台如何改变了音乐产业的商业模式\n- 分析流媒体平台对艺术家和唱片公司的影响\n- 探讨流媒体平台对音乐产业的影响是否是正面的\n\n第三幕：流媒体平台对音乐产业的未来\n- 预测流媒体平台将如何影响音乐产业的未来发展\n- 探讨音乐产业将如何适应流媒体平台的崛起\n- 分析流媒体平台对音乐产业的未来可能带来的机遇和风险\n\n第四幕：结论\n- 总结流媒体平台对音乐产业的影响\n- 分析流媒体平台对音乐产业的未来可能带来的机遇和风险\n- 探讨未来音乐产业如何发展和适应流媒体平台的崛起</s>",
        "ref": ""
    },
    {
        "inp": "I am an intelligent language assistant developed by the NLP Group of 12 group.Below is a dialog consisting of instructions and responses. Write a response that completes the request.### Instruction:写一篇交响乐音乐会评论，讨论乐团的表现和整体观众体验。### Response:",
        "hyp": "本篇音乐会评论讨论了乐团的表现和观众的整体体验。 首先，乐团在演奏交响乐时表现出色，每个乐手都充分发挥了自己的独特才华，将音乐作品呈现得淋漓尽致。他们的演奏技巧和音乐感染力都非常出色，让全场观众都陶醉在音乐中。 \n\n其次，音乐会的整体观众体验也非常棒。观众们在音乐会过程中都非常热情和投入，大声加油喝彩。这让乐团更加充满动力，演奏出更好的音乐作品。同时，音乐会的氛围非常轻松愉快，让观众们融入其中，享受音乐带来的美妙感受。 \n\n总体来说，这场音乐会是一次非常成功的演出。乐团的出色表现和观众的热情共同构成了整个音乐会的成功。我们期待着他们在未来的演出中继续为我们带来更多的惊喜和感动。</s>",
        "ref": ""
    }
]